#
# There is insufficient memory for the Java Runtime Environment to continue.
# Native memory allocation (malloc) failed to allocate 1289936 bytes for Chunk::new
# Possible reasons:
#   The system is out of physical RAM or swap space
#   In 32 bit mode, the process size limit was hit
# Possible solutions:
#   Reduce memory load on the system
#   Increase physical memory or swap space
#   Check if swap backing store is full
#   Use 64 bit Java on a 64 bit OS
#   Decrease Java heap size (-Xmx/-Xms)
#   Decrease number of Java threads
#   Decrease Java thread stack sizes (-Xss)
#   Set larger code cache with -XX:ReservedCodeCacheSize=
# This output file may be truncated or incomplete.
#
#  Out of Memory Error (allocation.cpp:390), pid=42616, tid=0x000000000000a748
#
# JRE version: Java(TM) SE Runtime Environment (8.0_131-b11) (build 1.8.0_131-b11)
# Java VM: Java HotSpot(TM) 64-Bit Server VM (25.131-b11 mixed mode windows-amd64 compressed oops)
# Failed to write core dump. Minidumps are not enabled by default on client versions of Windows
#

---------------  T H R E A D  ---------------

Current thread (0x0000000014a49800):  JavaThread "C2 CompilerThread0" daemon [_thread_in_native, id=42824, stack(0x00000000160a0000,0x00000000161a0000)]

Stack: [0x00000000160a0000,0x00000000161a0000]
[error occurred during error reporting (printing stack bounds), id 0xc0000005]

Native frames: (J=compiled Java code, j=interpreted, Vv=VM code, C=native code)


Current CompileTask:
C2:   7510 1600   !   4       com.android.dx.cf.code.BytecodeArray::parseInstruction (2764 bytes)


---------------  P R O C E S S  ---------------

Java Threads: ( => current thread )
  0x0000000016504800 JavaThread "pool-2-thread-4" [_thread_blocked, id=44100, stack(0x0000000016da0000,0x0000000016ea0000)]
  0x00000000163ff800 JavaThread "pool-2-thread-3" [_thread_blocked, id=44084, stack(0x0000000016ca0000,0x0000000016da0000)]
  0x00000000163f8000 JavaThread "pool-2-thread-2" [_thread_blocked, id=44068, stack(0x0000000016ba0000,0x0000000016ca0000)]
  0x00000000163f4000 JavaThread "pool-3-thread-1" [_thread_blocked, id=44064, stack(0x0000000016aa0000,0x0000000016ba0000)]
  0x00000000163e9800 JavaThread "pool-2-thread-1" [_thread_blocked, id=44060, stack(0x00000000169a0000,0x0000000016aa0000)]
  0x00000000162c1000 JavaThread "Service Thread" daemon [_thread_blocked, id=38660, stack(0x00000000167a0000,0x00000000168a0000)]
  0x0000000014aa7000 JavaThread "C1 CompilerThread2" daemon [_thread_blocked, id=37756, stack(0x00000000166a0000,0x00000000167a0000)]
  0x0000000014a9e800 JavaThread "C2 CompilerThread1" daemon [_thread_blocked, id=43448, stack(0x00000000161a0000,0x00000000162a0000)]
=>0x0000000014a49800 JavaThread "C2 CompilerThread0" daemon [_thread_in_native, id=42824, stack(0x00000000160a0000,0x00000000161a0000)]
  0x0000000014a57800 JavaThread "Attach Listener" daemon [_thread_blocked, id=39484, stack(0x0000000015fa0000,0x00000000160a0000)]
  0x0000000014a56000 JavaThread "Signal Dispatcher" daemon [_thread_blocked, id=43052, stack(0x0000000015ea0000,0x0000000015fa0000)]
  0x0000000014a3a000 JavaThread "Finalizer" daemon [_thread_blocked, id=43892, stack(0x0000000015cb0000,0x0000000015db0000)]
  0x00000000022d0000 JavaThread "Reference Handler" daemon [_thread_blocked, id=41044, stack(0x0000000015bb0000,0x0000000015cb0000)]
  0x000000000237d800 JavaThread "main" [_thread_in_native, id=42904, stack(0x0000000002080000,0x0000000002180000)]

Other Threads:
  0x0000000014a17800 VMThread [stack: 0x0000000015ab0000,0x0000000015bb0000] [id=43880]
  0x00000000162c2000 WatcherThread [stack: 0x00000000168a0000,0x00000000169a0000] [id=42036]

VM state:not at safepoint (normal execution)

VM Mutex/Monitor currently owned by a thread: None

Heap:
 PSYoungGen      total 35328K, used 34297K [0x00000000eab00000, 0x00000000ed000000, 0x0000000100000000)
  eden space 32768K, 96% used [0x00000000eab00000,0x00000000eca003a8,0x00000000ecb00000)
  from space 2560K, 99% used [0x00000000ecd80000,0x00000000ecffe2e8,0x00000000ed000000)
  to   space 2560K, 0% used [0x00000000ecb00000,0x00000000ecb00000,0x00000000ecd80000)
 ParOldGen       total 44032K, used 15965K [0x00000000c0000000, 0x00000000c2b00000, 0x00000000eab00000)
  object space 44032K, 36% used [0x00000000c0000000,0x00000000c0f97470,0x00000000c2b00000)
 Metaspace       used 6063K, capacity 7028K, committed 7296K, reserved 1056768K
  class space    used 607K, capacity 620K, committed 640K, reserved 1048576K

Card table byte_map: [0x0000000011740000,0x0000000011950000] byte_map_base: 0x0000000011140000

Marking Bits: (ParMarkBitMap*) 0x000000006fa7c720
 Begin Bits: [0x0000000011eb0000, 0x0000000012eb0000)
 End Bits:   [0x0000000012eb0000, 0x0000000013eb0000)

Polling page: 0x0000000000540000

CodeCache: size=245760Kb used=7464Kb max_used=7479Kb free=238295Kb
 bounds [0x0000000002380000, 0x0000000002ae0000, 0x0000000011380000]
 total_blobs=1852 nmethods=1590 adapters=175
 compilation: enabled

Compilation events (10 events):
Event: 7.225 Thread 0x0000000014aa7000 nmethod 1628 0x0000000002a9fb10 code [0x0000000002a9fc60, 0x0000000002a9fd70]
Event: 7.226 Thread 0x0000000014aa7000 1629 %     3       com.android.dx.ssa.SsaConverter::edgeSplitMoveExceptionsAndResults @ 12 (157 bytes)
Event: 7.228 Thread 0x0000000014aa7000 nmethod 1629% 0x0000000002ac4e10 code [0x0000000002ac51a0, 0x0000000002ac6f08]
Event: 7.228 Thread 0x0000000014a9e800 nmethod 1614% 0x0000000002ac82d0 code [0x0000000002ac8560, 0x0000000002aca5c0]
Event: 7.228 Thread 0x0000000014a9e800 1627       4       com.android.dx.ssa.BasicRegisterMapper::addMapping (68 bytes)
Event: 7.236 Thread 0x0000000014a9e800 nmethod 1627 0x0000000002a87190 code [0x0000000002a872e0, 0x0000000002a87718]
Event: 7.236 Thread 0x0000000014a9e800 1623 %     4       com.android.dx.ssa.back.IdenticalBlockCombiner::process @ 25 (323 bytes)
Event: 7.308 Thread 0x0000000014a9e800 nmethod 1623% 0x0000000002ad0890 code [0x0000000002ad0b40, 0x0000000002ad2f20]
Event: 7.308 Thread 0x0000000014a9e800 1616       4       com.android.dx.ssa.back.FirstFitLocalCombiningAllocator::addMapping (76 bytes)
Event: 7.344 Thread 0x0000000014a9e800 nmethod 1616 0x0000000002ad6090 code [0x0000000002ad6280, 0x0000000002ad7200]

GC Heap History (8 events):
Event: 2.293 GC heap before
{Heap before GC invocations=1 (full 0):
 PSYoungGen      total 18944K, used 16384K [0x00000000eab00000, 0x00000000ec000000, 0x0000000100000000)
  eden space 16384K, 100% used [0x00000000eab00000,0x00000000ebb00000,0x00000000ebb00000)
  from space 2560K, 0% used [0x00000000ebd80000,0x00000000ebd80000,0x00000000ec000000)
  to   space 2560K, 0% used [0x00000000ebb00000,0x00000000ebb00000,0x00000000ebd80000)
 ParOldGen       total 44032K, used 0K [0x00000000c0000000, 0x00000000c2b00000, 0x00000000eab00000)
  object space 44032K, 0% used [0x00000000c0000000,0x00000000c0000000,0x00000000c2b00000)
 Metaspace       used 5731K, capacity 6770K, committed 7040K, reserved 1056768K
  class space    used 593K, capacity 618K, committed 640K, reserved 1048576K
Event: 2.302 GC heap after
Heap after GC invocations=1 (full 0):
 PSYoungGen      total 18944K, used 2532K [0x00000000eab00000, 0x00000000ec000000, 0x0000000100000000)
  eden space 16384K, 0% used [0x00000000eab00000,0x00000000eab00000,0x00000000ebb00000)
  from space 2560K, 98% used [0x00000000ebb00000,0x00000000ebd79168,0x00000000ebd80000)
  to   space 2560K, 0% used [0x00000000ebd80000,0x00000000ebd80000,0x00000000ec000000)
 ParOldGen       total 44032K, used 1443K [0x00000000c0000000, 0x00000000c2b00000, 0x00000000eab00000)
  object space 44032K, 3% used [0x00000000c0000000,0x00000000c0168c90,0x00000000c2b00000)
 Metaspace       used 5731K, capacity 6770K, committed 7040K, reserved 1056768K
  class space    used 593K, capacity 618K, committed 640K, reserved 1048576K
}
Event: 2.841 GC heap before
{Heap before GC invocations=2 (full 0):
 PSYoungGen      total 18944K, used 18916K [0x00000000eab00000, 0x00000000ec000000, 0x0000000100000000)
  eden space 16384K, 100% used [0x00000000eab00000,0x00000000ebb00000,0x00000000ebb00000)
  from space 2560K, 98% used [0x00000000ebb00000,0x00000000ebd79168,0x00000000ebd80000)
  to   space 2560K, 0% used [0x00000000ebd80000,0x00000000ebd80000,0x00000000ec000000)
 ParOldGen       total 44032K, used 1443K [0x00000000c0000000, 0x00000000c2b00000, 0x00000000eab00000)
  object space 44032K, 3% used [0x00000000c0000000,0x00000000c0168c90,0x00000000c2b00000)
 Metaspace       used 5862K, capacity 6900K, committed 7040K, reserved 1056768K
  class space    used 602K, capacity 620K, committed 640K, reserved 1048576K
Event: 2.855 GC heap after
Heap after GC invocations=2 (full 0):
 PSYoungGen      total 18944K, used 2555K [0x00000000eab00000, 0x00000000ed000000, 0x0000000100000000)
  eden space 16384K, 0% used [0x00000000eab00000,0x00000000eab00000,0x00000000ebb00000)
  from space 2560K, 99% used [0x00000000ebd80000,0x00000000ebffecd0,0x00000000ec000000)
  to   space 2560K, 0% used [0x00000000ebb00000,0x00000000ebb00000,0x00000000ebd80000)
 ParOldGen       total 44032K, used 7950K [0x00000000c0000000, 0x00000000c2b00000, 0x00000000eab00000)
  object space 44032K, 18% used [0x00000000c0000000,0x00000000c07c39d0,0x00000000c2b00000)
 Metaspace       used 5862K, capacity 6900K, committed 7040K, reserved 1056768K
  class space    used 602K, capacity 620K, committed 640K, reserved 1048576K
}
Event: 3.705 GC heap before
{Heap before GC invocations=3 (full 0):
 PSYoungGen      total 18944K, used 18939K [0x00000000eab00000, 0x00000000ed000000, 0x0000000100000000)
  eden space 16384K, 100% used [0x00000000eab00000,0x00000000ebb00000,0x00000000ebb00000)
  from space 2560K, 99% used [0x00000000ebd80000,0x00000000ebffecd0,0x00000000ec000000)
  to   space 2560K, 0% used [0x00000000ebb00000,0x00000000ebb00000,0x00000000ebd80000)
 ParOldGen       total 44032K, used 7950K [0x00000000c0000000, 0x00000000c2b00000, 0x00000000eab00000)
  object space 44032K, 18% used [0x00000000c0000000,0x00000000c07c39d0,0x00000000c2b00000)
 Metaspace       used 5968K, capacity 6964K, committed 7040K, reserved 1056768K
  class space    used 606K, capacity 620K, committed 640K, reserved 1048576K
Event: 3.836 GC heap after
Heap after GC invocations=3 (full 0):
 PSYoungGen      total 18944K, used 2532K [0x00000000eab00000, 0x00000000ed000000, 0x0000000100000000)
  eden space 16384K, 0% used [0x00000000eab00000,0x00000000eab00000,0x00000000ebb00000)
  from space 2560K, 98% used [0x00000000ebb00000,0x00000000ebd79168,0x00000000ebd80000)
  to   space 2560K, 0% used [0x00000000ecd80000,0x00000000ecd80000,0x00000000ed000000)
 ParOldGen       total 44032K, used 11468K [0x00000000c0000000, 0x00000000c2b00000, 0x00000000eab00000)
  object space 44032K, 26% used [0x00000000c0000000,0x00000000c0b33030,0x00000000c2b00000)
 Metaspace       used 5968K, capacity 6964K, committed 7040K, reserved 1056768K
  class space    used 606K, capacity 620K, committed 640K, reserved 1048576K
}
Event: 4.610 GC heap before
{Heap before GC invocations=4 (full 0):
 PSYoungGen      total 18944K, used 18916K [0x00000000eab00000, 0x00000000ed000000, 0x0000000100000000)
  eden space 16384K, 100% used [0x00000000eab00000,0x00000000ebb00000,0x00000000ebb00000)
  from space 2560K, 98% used [0x00000000ebb00000,0x00000000ebd79168,0x00000000ebd80000)
  to   space 2560K, 0% used [0x00000000ecd80000,0x00000000ecd80000,0x00000000ed000000)
 ParOldGen       total 44032K, used 11468K [0x00000000c0000000, 0x00000000c2b00000, 0x00000000eab00000)
  object space 44032K, 26% used [0x00000000c0000000,0x00000000c0b33030,0x00000000c2b00000)
 Metaspace       used 6014K, capacity 6964K, committed 7040K, reserved 1056768K
  class space    used 606K, capacity 620K, committed 640K, reserved 1048576K
Event: 4.694 GC heap after
Heap after GC invocations=4 (full 0):
 PSYoungGen      total 35328K, used 2552K [0x00000000eab00000, 0x00000000ed000000, 0x0000000100000000)
  eden space 32768K, 0% used [0x00000000eab00000,0x00000000eab00000,0x00000000ecb00000)
  from space 2560K, 99% used [0x00000000ecd80000,0x00000000ecffe2e8,0x00000000ed000000)
  to   space 2560K, 0% used [0x00000000ecb00000,0x00000000ecb00000,0x00000000ecd80000)
 ParOldGen       total 44032K, used 15965K [0x00000000c0000000, 0x00000000c2b00000, 0x00000000eab00000)
  object space 44032K, 36% used [0x00000000c0000000,0x00000000c0f97470,0x00000000c2b00000)
 Metaspace       used 6014K, capacity 6964K, committed 7040K, reserved 1056768K
  class space    used 606K, capacity 620K, committed 640K, reserved 1048576K
}

Deoptimization events (10 events):
Event: 5.127 Thread 0x00000000163ff800 Uncommon trap: reason=class_check action=maybe_recompile pc=0x0000000002977dac method=com.android.dx.cf.code.RopperMachine.run(Lcom/android/dx/cf/code/Frame;II)V @ 988
Event: 5.149 Thread 0x00000000163ff800 Uncommon trap: reason=unstable_if action=reinterpret pc=0x000000000275e29c method=com.android.dx.ssa.SsaMethod.updateOneDefinition(Lcom/android/dx/ssa/SsaInsn;Lcom/android/dx/rop/code/RegisterSpec;)V @ 4
Event: 5.932 Thread 0x00000000163f8000 Uncommon trap: reason=bimorphic action=maybe_recompile pc=0x0000000002977d68 method=com.android.dx.cf.code.RopperMachine.run(Lcom/android/dx/cf/code/Frame;II)V @ 978
Event: 5.933 Thread 0x00000000163f8000 Uncommon trap: reason=bimorphic action=maybe_recompile pc=0x0000000002977d68 method=com.android.dx.cf.code.RopperMachine.run(Lcom/android/dx/cf/code/Frame;II)V @ 978
Event: 5.933 Thread 0x00000000163f8000 Uncommon trap: reason=bimorphic action=maybe_recompile pc=0x0000000002977d68 method=com.android.dx.cf.code.RopperMachine.run(Lcom/android/dx/cf/code/Frame;II)V @ 978
Event: 5.943 Thread 0x00000000163f8000 Uncommon trap: reason=bimorphic action=maybe_recompile pc=0x0000000002977b40 method=com.android.dx.rop.code.Rops.opMoveResultPseudo(Lcom/android/dx/rop/type/TypeBearer;)Lcom/android/dx/rop/code/Rop; @ 7
Event: 5.957 Thread 0x00000000163f8000 Uncommon trap: reason=bimorphic action=maybe_recompile pc=0x0000000002977b40 method=com.android.dx.rop.code.Rops.opMoveResultPseudo(Lcom/android/dx/rop/type/TypeBearer;)Lcom/android/dx/rop/code/Rop; @ 7
Event: 6.344 Thread 0x0000000016504800 Uncommon trap: reason=unstable_if action=reinterpret pc=0x000000000277b580 method=com.android.dx.util.IntList.binarysearch(I)I @ 105
Event: 6.345 Thread 0x0000000016504800 Uncommon trap: reason=unstable_if action=reinterpret pc=0x00000000029d27a4 method=com.android.dx.ssa.SsaBasicBlock.newFromRop(Lcom/android/dx/rop/code/RopMethod;ILcom/android/dx/ssa/SsaMethod;)Lcom/android/dx/ssa/SsaBasicBlock; @ 164
Event: 6.348 Thread 0x0000000016504800 Uncommon trap: reason=unstable_if action=reinterpret pc=0x0000000002a0be6c method=com.android.dx.ssa.SsaMethod.blockIndexToRopLabel(I)I @ 1

Internal exceptions (4 events):
Event: 0.085 Thread 0x000000000237d800 Exception <a 'java/lang/NoSuchMethodError': Method sun.misc.Unsafe.defineClass(Ljava/lang/String;[BII)Ljava/lang/Class; name or signature does not match> (0x00000000eab07ca8) thrown at [C:\re\workspace\8-2-build-windows-amd64-cygwin\jdk8u131\8869\hotspot\
Event: 0.085 Thread 0x000000000237d800 Exception <a 'java/lang/NoSuchMethodError': Method sun.misc.Unsafe.prefetchRead(Ljava/lang/Object;J)V name or signature does not match> (0x00000000eab07f90) thrown at [C:\re\workspace\8-2-build-windows-amd64-cygwin\jdk8u131\8869\hotspot\src\share\vm\prims
Event: 2.928 Thread 0x00000000163ff800 Implicit null exception at 0x00000000026364e2 to 0x00000000026365e9
Event: 2.935 Thread 0x00000000163ff800 Implicit null exception at 0x00000000027f3504 to 0x00000000027f4429

Events (10 events):
Event: 6.348 Thread 0x0000000016504800 DEOPT PACKING pc=0x0000000002a0be6c sp=0x0000000016e9ec10
Event: 6.349 Thread 0x0000000016504800 DEOPT UNPACKING pc=0x00000000023c582a sp=0x0000000016e9eb38 mode 2
Event: 7.080 Thread 0x00000000163f8000 DEOPT PACKING pc=0x000000000283ae64 sp=0x0000000016c9ecc0
Event: 7.080 Thread 0x00000000163f8000 DEOPT UNPACKING pc=0x00000000023c787f sp=0x0000000016c9ea50 mode 0
Event: 7.173 Thread 0x00000000163f8000 DEOPT PACKING pc=0x0000000002874262 sp=0x0000000016c9ed30
Event: 7.173 Thread 0x00000000163f8000 DEOPT UNPACKING pc=0x00000000023c787f sp=0x0000000016c9eaf8 mode 0
Event: 7.174 Thread 0x00000000163f8000 DEOPT PACKING pc=0x0000000002874e5d sp=0x0000000016c9ec70
Event: 7.174 Thread 0x00000000163f8000 DEOPT UNPACKING pc=0x00000000023c787f sp=0x0000000016c9e9e0 mode 0
Event: 7.190 Thread 0x00000000163f8000 DEOPT PACKING pc=0x0000000002869486 sp=0x0000000016c9e9a0
Event: 7.190 Thread 0x00000000163f8000 DEOPT UNPACKING pc=0x00000000023c787f sp=0x0000000016c9e7e0 mode 0


Dynamic libraries:
0x00007ff6f5370000 - 0x00007ff6f53a7000 	C:\Program Files\Java\jdk1.8.0_131\bin\java.exe
0x00007ffd5cdf0000 - 0x00007ffd5cfc2000 	C:\WINDOWS\SYSTEM32\ntdll.dll
0x00007ffd5c270000 - 0x00007ffd5c31c000 	C:\WINDOWS\System32\KERNEL32.DLL
0x00007ffd59d70000 - 0x00007ffd59f8d000 	C:\WINDOWS\System32\KERNELBASE.dll
0x00007ffd5cd40000 - 0x00007ffd5cde2000 	C:\WINDOWS\System32\ADVAPI32.dll
0x00007ffd5a4b0000 - 0x00007ffd5a54e000 	C:\WINDOWS\System32\msvcrt.dll
0x00007ffd5c420000 - 0x00007ffd5c479000 	C:\WINDOWS\System32\sechost.dll
0x00007ffd5a380000 - 0x00007ffd5a4a1000 	C:\WINDOWS\System32\RPCRT4.dll
0x00007ffd5c8d0000 - 0x00007ffd5ca35000 	C:\WINDOWS\System32\USER32.dll
0x00007ffd5a260000 - 0x00007ffd5a27e000 	C:\WINDOWS\System32\win32u.dll
0x00007ffd5aac0000 - 0x00007ffd5aaf4000 	C:\WINDOWS\System32\GDI32.dll
0x00007ffd59510000 - 0x00007ffd59690000 	C:\WINDOWS\System32\gdi32full.dll
0x00007ffd4d660000 - 0x00007ffd4d8da000 	C:\WINDOWS\WinSxS\amd64_microsoft.windows.common-controls_6595b64144ccf1df_6.0.14393.953_none_42151e83c686086b\COMCTL32.dll
0x00007ffd5a5b0000 - 0x00007ffd5a878000 	C:\WINDOWS\System32\combase.dll
0x00007ffd5a280000 - 0x00007ffd5a375000 	C:\WINDOWS\System32\ucrtbase.dll
0x00007ffd59440000 - 0x00007ffd594aa000 	C:\WINDOWS\System32\bcryptPrimitives.dll
0x00007ffd5c3f0000 - 0x00007ffd5c41e000 	C:\WINDOWS\System32\IMM32.DLL
0x000000006fb00000 - 0x000000006fbd2000 	C:\Program Files\Java\jdk1.8.0_131\jre\bin\msvcr100.dll
0x000000006f260000 - 0x000000006fafc000 	C:\Program Files\Java\jdk1.8.0_131\jre\bin\server\jvm.dll
0x00007ffd5c480000 - 0x00007ffd5c488000 	C:\WINDOWS\System32\PSAPI.DLL
0x00007ffd47520000 - 0x00007ffd47529000 	C:\WINDOWS\SYSTEM32\WSOCK32.dll
0x00007ffd5ab70000 - 0x00007ffd5abda000 	C:\WINDOWS\System32\WS2_32.dll
0x00007ffd576c0000 - 0x00007ffd576e3000 	C:\WINDOWS\SYSTEM32\WINMM.dll
0x00007ffd4bfd0000 - 0x00007ffd4bfda000 	C:\WINDOWS\SYSTEM32\VERSION.dll
0x00007ffd57660000 - 0x00007ffd5768b000 	C:\WINDOWS\SYSTEM32\WINMMBASE.dll
0x00007ffd59f90000 - 0x00007ffd59fd2000 	C:\WINDOWS\System32\cfgmgr32.dll
0x000000006f250000 - 0x000000006f25f000 	C:\Program Files\Java\jdk1.8.0_131\jre\bin\verify.dll
0x000000006f220000 - 0x000000006f249000 	C:\Program Files\Java\jdk1.8.0_131\jre\bin\java.dll
0x000000006f200000 - 0x000000006f216000 	C:\Program Files\Java\jdk1.8.0_131\jre\bin\zip.dll
0x00007ffd5ac00000 - 0x00007ffd5c108000 	C:\WINDOWS\System32\SHELL32.dll
0x00007ffd59690000 - 0x00007ffd59d6a000 	C:\WINDOWS\System32\windows.storage.dll
0x00007ffd59290000 - 0x00007ffd592dc000 	C:\WINDOWS\System32\powrprof.dll
0x00007ffd5a920000 - 0x00007ffd5a972000 	C:\WINDOWS\System32\shlwapi.dll
0x00007ffd59280000 - 0x00007ffd5928f000 	C:\WINDOWS\System32\kernel.appcore.dll
0x00007ffd5a1b0000 - 0x00007ffd5a259000 	C:\WINDOWS\System32\shcore.dll
0x00007ffd59260000 - 0x00007ffd59274000 	C:\WINDOWS\System32\profapi.dll

VM Arguments:
jvm_args: -Djava.awt.headless=true -Xmx1024M -Dfile.encoding=windows-1252 -Duser.country=US -Duser.language=en -Duser.variant 
java_command: com.android.dx.command.Main --dex --force-jumbo --num-threads=4 --multi-dex --output C:\Users\lukedottec\Documents\Groups\AIRPACT-Fire\Android\app\build\intermediates\transforms\dex\debug\folders\1000\5\slice_3 C:\Users\lukedottec\Documents\Groups\AIRPACT-Fire\Android\app\build\intermediates\transforms\instantRunSlicer\debug\folders\1\5\slice_3
java_class_path (initial): C:\Users\lukedottec\AppData\Local\Android\sdk\build-tools\25.0.0\lib\dx.jar
Launcher Type: SUN_STANDARD

Environment Variables:
PATH=C:\ProgramData\Oracle\Java\javapath;C:\WINDOWS\system32;C:\WINDOWS;C:\WINDOWS\System32\Wbem;C:\WINDOWS\System32\WindowsPowerShell\v1.0\;C:\Program Files (x86)\Skype\Phone\;C:\Program Files\Git\cmd;C:\Program Files\Git\mingw64\bin;C:\Program Files\Git\usr\bin;C:\Program Files\PuTTY\;C:\Program Files\Microsoft SQL Server\130\Tools\Binn\;C:\Program Files\dotnet\;C:\Program Files (x86)\Windows Kits\8.1\Windows Performance Toolkit\;C:\Program Files\nodejs\;C:\Users\lukedottec\AppData\Local\Programs\Python\Python35\Scripts\;C:\Users\lukedottec\AppData\Local\Programs\Python\Python35\;C:\Users\lukedottec\Anaconda3;C:\Users\lukedottec\Anaconda3\Scripts;C:\Users\lukedottec\Anaconda3\Library\bin;C:\Users\lukedottec\AppData\Local\Programs\Python\Python36-32\Scripts\;C:\Users\lukedottec\AppData\Local\Programs\Python\Python36-32\;C:\Users\lukedottec\AppData\Local\atom\bin;C:\Users\lukedottec\AppData\Local\Microsoft\WindowsApps;C:\Users\lukedottec\AppData\Roaming\npm;C:\Program Files\Java\jdk1.8.0_131\bin;C:\Program Files\Oracle\VirtualBox;C:\Python27
USERNAME=lukedottec
OS=Windows_NT
PROCESSOR_IDENTIFIER=Intel64 Family 6 Model 69 Stepping 1, GenuineIntel



---------------  S Y S T E M  ---------------

OS: Windows 10.0 , 64 bit Build 14393 (10.0.14393.1198)

CPU:total 4 (initial active 4) (2 cores per cpu, 2 threads per core) family 6 model 69 stepping 1, cmov, cx8, fxsr, mmx, sse, sse2, sse3, ssse3, sse4.1, sse4.2, popcnt, avx, avx2, aes, clmul, erms, lzcnt, ht, tsc, tscinvbit, bmi1, bmi2

Memory: 4k page, physical 4097112k(439612k free), swap 9777176k(4268k free)

vm_info: Java HotSpot(TM) 64-Bit Server VM (25.131-b11) for windows-amd64 JRE (1.8.0_131-b11), built on Mar 15 2017 01:23:53 by "java_re" with MS VC++ 10.0 (VS2010)

time: Sat Sep 09 21:50:21 2017
elapsed time: 7 seconds (0d 0h 0m 7s)

