#
# There is insufficient memory for the Java Runtime Environment to continue.
# Native memory allocation (malloc) failed to allocate 32784 bytes for Chunk::new
# Possible reasons:
#   The system is out of physical RAM or swap space
#   In 32 bit mode, the process size limit was hit
# Possible solutions:
#   Reduce memory load on the system
#   Increase physical memory or swap space
#   Check if swap backing store is full
#   Use 64 bit Java on a 64 bit OS
#   Decrease Java heap size (-Xmx/-Xms)
#   Decrease number of Java threads
#   Decrease Java thread stack sizes (-Xss)
#   Set larger code cache with -XX:ReservedCodeCacheSize=
# This output file may be truncated or incomplete.
#
#  Out of Memory Error (allocation.cpp:390), pid=52988, tid=0x000000000000cea0
#
# JRE version: Java(TM) SE Runtime Environment (8.0_131-b11) (build 1.8.0_131-b11)
# Java VM: Java HotSpot(TM) 64-Bit Server VM (25.131-b11 mixed mode windows-amd64 compressed oops)
# Failed to write core dump. Minidumps are not enabled by default on client versions of Windows
#

---------------  T H R E A D  ---------------

Current thread (0x0000000014cdd000):  JavaThread "C2 CompilerThread0" daemon [_thread_in_native, id=52896, stack(0x0000000016340000,0x0000000016440000)]

Stack: [0x0000000016340000,0x0000000016440000]
[error occurred during error reporting (printing stack bounds), id 0xc0000005]

Native frames: (J=compiled Java code, j=interpreted, Vv=VM code, C=native code)


Current CompileTask:
C2:   7528 1232       4       com.android.dx.ssa.back.LivenessAnalyzer::run (231 bytes)


---------------  P R O C E S S  ---------------

Java Threads: ( => current thread )
  0x000000001687a800 JavaThread "pool-2-thread-4" [_thread_in_Java, id=52556, stack(0x0000000017040000,0x0000000017140000)]
  0x00000000167da000 JavaThread "pool-2-thread-3" [_thread_in_Java, id=52456, stack(0x0000000016f40000,0x0000000017040000)]
  0x00000000167d7000 JavaThread "pool-2-thread-2" [_thread_in_Java, id=38580, stack(0x0000000016e40000,0x0000000016f40000)]
  0x00000000167b5800 JavaThread "pool-3-thread-1" [_thread_blocked, id=51736, stack(0x0000000016d40000,0x0000000016e40000)]
  0x00000000167b3800 JavaThread "pool-2-thread-1" [_thread_in_Java, id=53100, stack(0x0000000016c40000,0x0000000016d40000)]
  0x0000000016642800 JavaThread "Service Thread" daemon [_thread_blocked, id=52616, stack(0x0000000016a40000,0x0000000016b40000)]
  0x0000000014d3b800 JavaThread "C1 CompilerThread2" daemon [_thread_blocked, id=53148, stack(0x0000000016540000,0x0000000016640000)]
  0x0000000014ce0800 JavaThread "C2 CompilerThread1" daemon [_thread_in_native, id=52912, stack(0x0000000016440000,0x0000000016540000)]
=>0x0000000014cdd000 JavaThread "C2 CompilerThread0" daemon [_thread_in_native, id=52896, stack(0x0000000016340000,0x0000000016440000)]
  0x0000000014cdb800 JavaThread "Attach Listener" daemon [_thread_blocked, id=51804, stack(0x0000000016240000,0x0000000016340000)]
  0x0000000014cda000 JavaThread "Signal Dispatcher" daemon [_thread_blocked, id=49448, stack(0x0000000016140000,0x0000000016240000)]
  0x0000000014cca000 JavaThread "Finalizer" daemon [_thread_blocked, id=47564, stack(0x0000000015f50000,0x0000000016050000)]
  0x0000000002600000 JavaThread "Reference Handler" daemon [_thread_blocked, id=52512, stack(0x0000000015e50000,0x0000000015f50000)]
  0x000000000240d800 JavaThread "main" [_thread_in_native, id=52416, stack(0x0000000002410000,0x0000000002510000)]

Other Threads:
  0x0000000014ca7000 VMThread [stack: 0x0000000015d50000,0x0000000015e50000] [id=50564]
  0x0000000016654000 WatcherThread [stack: 0x0000000016b40000,0x0000000016c40000] [id=32952]

VM state:not at safepoint (normal execution)

VM Mutex/Monitor currently owned by a thread: None

Heap:
 PSYoungGen      total 35328K, used 34929K [0x00000000eab00000, 0x00000000ed000000, 0x0000000100000000)
  eden space 32768K, 98% used [0x00000000eab00000,0x00000000eca9eb20,0x00000000ecb00000)
  from space 2560K, 99% used [0x00000000ecd80000,0x00000000ecffd9f0,0x00000000ed000000)
  to   space 2560K, 0% used [0x00000000ecb00000,0x00000000ecb00000,0x00000000ecd80000)
 ParOldGen       total 44032K, used 8100K [0x00000000c0000000, 0x00000000c2b00000, 0x00000000eab00000)
  object space 44032K, 18% used [0x00000000c0000000,0x00000000c07e90f0,0x00000000c2b00000)
 Metaspace       used 5876K, capacity 6898K, committed 7040K, reserved 1056768K
  class space    used 599K, capacity 618K, committed 640K, reserved 1048576K

Card table byte_map: [0x00000000119d0000,0x0000000011be0000] byte_map_base: 0x00000000113d0000

Marking Bits: (ParMarkBitMap*) 0x000000006676c720
 Begin Bits: [0x0000000012140000, 0x0000000013140000)
 End Bits:   [0x0000000013140000, 0x0000000014140000)

Polling page: 0x0000000000850000

CodeCache: size=245760Kb used=5332Kb max_used=5352Kb free=240427Kb
 bounds [0x0000000002610000, 0x0000000002b50000, 0x0000000011610000]
 total_blobs=1491 nmethods=1229 adapters=175
 compilation: enabled

Compilation events (10 events):
Event: 7.410 Thread 0x0000000014d3b800 1247       3       com.android.dx.rop.cst.CstNat::isInstanceInit (13 bytes)
Event: 7.411 Thread 0x0000000014d3b800 nmethod 1247 0x0000000002b44f10 code [0x0000000002b45080, 0x0000000002b45348]
Event: 7.411 Thread 0x0000000014d3b800 1248       1       java.io.File::getPath (5 bytes)
Event: 7.411 Thread 0x0000000014d3b800 nmethod 1248 0x0000000002b0e210 code [0x0000000002b0e360, 0x0000000002b0e470]
Event: 7.419 Thread 0x0000000014d3b800 1249       3       com.android.dx.cf.code.LineNumberList$Item::<init> (43 bytes)
Event: 7.419 Thread 0x0000000014d3b800 nmethod 1249 0x0000000002b457d0 code [0x0000000002b45960, 0x0000000002b45cf8]
Event: 7.419 Thread 0x0000000014d3b800 1250       3       com.android.dx.rop.code.AccessFlags::isStatic (13 bytes)
Event: 7.420 Thread 0x0000000014d3b800 nmethod 1250 0x0000000002b45e50 code [0x0000000002b45fa0, 0x0000000002b46130]
Event: 7.480 Thread 0x0000000014cdd000 nmethod 1224 0x0000000002b4b0d0 code [0x0000000002b4b380, 0x0000000002b4d5c8]
Event: 7.480 Thread 0x0000000014cdd000 1232       4       com.android.dx.ssa.back.LivenessAnalyzer::run (231 bytes)

GC Heap History (4 events):
Event: 2.780 GC heap before
{Heap before GC invocations=1 (full 0):
 PSYoungGen      total 18944K, used 16384K [0x00000000eab00000, 0x00000000ec000000, 0x0000000100000000)
  eden space 16384K, 100% used [0x00000000eab00000,0x00000000ebb00000,0x00000000ebb00000)
  from space 2560K, 0% used [0x00000000ebd80000,0x00000000ebd80000,0x00000000ec000000)
  to   space 2560K, 0% used [0x00000000ebb00000,0x00000000ebb00000,0x00000000ebd80000)
 ParOldGen       total 44032K, used 0K [0x00000000c0000000, 0x00000000c2b00000, 0x00000000eab00000)
  object space 44032K, 0% used [0x00000000c0000000,0x00000000c0000000,0x00000000c2b00000)
 Metaspace       used 5733K, capacity 6770K, committed 7040K, reserved 1056768K
  class space    used 595K, capacity 618K, committed 640K, reserved 1048576K
Event: 2.901 GC heap after
Heap after GC invocations=1 (full 0):
 PSYoungGen      total 18944K, used 2558K [0x00000000eab00000, 0x00000000ed000000, 0x0000000100000000)
  eden space 16384K, 0% used [0x00000000eab00000,0x00000000eab00000,0x00000000ebb00000)
  from space 2560K, 99% used [0x00000000ebb00000,0x00000000ebd7f890,0x00000000ebd80000)
  to   space 2560K, 0% used [0x00000000ecd80000,0x00000000ecd80000,0x00000000ed000000)
 ParOldGen       total 44032K, used 1644K [0x00000000c0000000, 0x00000000c2b00000, 0x00000000eab00000)
  object space 44032K, 3% used [0x00000000c0000000,0x00000000c019b350,0x00000000c2b00000)
 Metaspace       used 5733K, capacity 6770K, committed 7040K, reserved 1056768K
  class space    used 595K, capacity 618K, committed 640K, reserved 1048576K
}
Event: 4.514 GC heap before
{Heap before GC invocations=2 (full 0):
 PSYoungGen      total 18944K, used 18942K [0x00000000eab00000, 0x00000000ed000000, 0x0000000100000000)
  eden space 16384K, 100% used [0x00000000eab00000,0x00000000ebb00000,0x00000000ebb00000)
  from space 2560K, 99% used [0x00000000ebb00000,0x00000000ebd7f890,0x00000000ebd80000)
  to   space 2560K, 0% used [0x00000000ecd80000,0x00000000ecd80000,0x00000000ed000000)
 ParOldGen       total 44032K, used 1644K [0x00000000c0000000, 0x00000000c2b00000, 0x00000000eab00000)
  object space 44032K, 3% used [0x00000000c0000000,0x00000000c019b350,0x00000000c2b00000)
 Metaspace       used 5823K, capacity 6834K, committed 7040K, reserved 1056768K
  class space    used 596K, capacity 618K, committed 640K, reserved 1048576K
Event: 4.751 GC heap after
Heap after GC invocations=2 (full 0):
 PSYoungGen      total 35328K, used 2550K [0x00000000eab00000, 0x00000000ed000000, 0x0000000100000000)
  eden space 32768K, 0% used [0x00000000eab00000,0x00000000eab00000,0x00000000ecb00000)
  from space 2560K, 99% used [0x00000000ecd80000,0x00000000ecffd9f0,0x00000000ed000000)
  to   space 2560K, 0% used [0x00000000ecb00000,0x00000000ecb00000,0x00000000ecd80000)
 ParOldGen       total 44032K, used 8100K [0x00000000c0000000, 0x00000000c2b00000, 0x00000000eab00000)
  object space 44032K, 18% used [0x00000000c0000000,0x00000000c07e90f0,0x00000000c2b00000)
 Metaspace       used 5823K, capacity 6834K, committed 7040K, reserved 1056768K
  class space    used 596K, capacity 618K, committed 640K, reserved 1048576K
}

Deoptimization events (10 events):
Event: 5.210 Thread 0x00000000167b3800 Uncommon trap: reason=unstable_if action=reinterpret pc=0x0000000002a7a6cc method=com.android.dx.rop.code.RegisterSpecSet.intersect(Lcom/android/dx/rop/code/RegisterSpecSet;Z)V @ 73
Event: 5.215 Thread 0x00000000167b3800 Uncommon trap: reason=unstable_if action=reinterpret pc=0x0000000002a8dda4 method=com.android.dx.ssa.SCCP.simulateBranch(Lcom/android/dx/ssa/SsaInsn;)V @ 53
Event: 5.239 Thread 0x00000000167b3800 Uncommon trap: reason=unstable_if action=reinterpret pc=0x0000000002a3fed8 method=com.android.dx.util.IntList.binarysearch(I)I @ 26
Event: 5.240 Thread 0x00000000167b3800 Uncommon trap: reason=bimorphic action=maybe_recompile pc=0x0000000002a5a808 method=com.android.dx.cf.code.BytecodeArray.parseInstruction(ILcom/android/dx/cf/code/BytecodeArray$Visitor;)I @ 1597
Event: 5.241 Thread 0x00000000167b3800 Uncommon trap: reason=bimorphic action=maybe_recompile pc=0x0000000002a5a808 method=com.android.dx.cf.code.BytecodeArray.parseInstruction(ILcom/android/dx/cf/code/BytecodeArray$Visitor;)I @ 1597
Event: 7.300 Thread 0x000000000240d800 Uncommon trap: reason=unstable_if action=reinterpret pc=0x000000000280efd0 method=java.lang.String.<init>([CII)V @ 18
Event: 7.300 Thread 0x000000000240d800 Uncommon trap: reason=unloaded action=reinterpret pc=0x00000000028e8f28 method=com.android.dx.cf.cst.ConstantPoolParser.parse0(ILjava/util/BitSet;)Lcom/android/dx/rop/cst/Constant; @ 176
Event: 7.393 Thread 0x000000001687a800 Uncommon trap: reason=unstable_if action=reinterpret pc=0x0000000002a23328 method=com.android.dx.rop.code.RegisterSpec.equals(ILcom/android/dx/rop/type/TypeBearer;Lcom/android/dx/rop/code/LocalItem;)Z @ 16
Event: 7.393 Thread 0x000000001687a800 Uncommon trap: reason=class_check action=maybe_recompile pc=0x00000000028f88e8 method=com.android.dx.rop.type.Type.equals(Ljava/lang/Object;)Z @ 8
Event: 7.395 Thread 0x000000001687a800 Uncommon trap: reason=class_check action=maybe_recompile pc=0x00000000028f88e8 method=com.android.dx.rop.type.Type.equals(Ljava/lang/Object;)Z @ 8

Internal exceptions (2 events):
Event: 0.061 Thread 0x000000000240d800 Exception <a 'java/lang/NoSuchMethodError': Method sun.misc.Unsafe.defineClass(Ljava/lang/String;[BII)Ljava/lang/Class; name or signature does not match> (0x00000000eab07ca8) thrown at [C:\re\workspace\8-2-build-windows-amd64-cygwin\jdk8u131\8869\hotspot\
Event: 0.061 Thread 0x000000000240d800 Exception <a 'java/lang/NoSuchMethodError': Method sun.misc.Unsafe.prefetchRead(Ljava/lang/Object;J)V name or signature does not match> (0x00000000eab07f90) thrown at [C:\re\workspace\8-2-build-windows-amd64-cygwin\jdk8u131\8869\hotspot\src\share\vm\prims

Events (10 events):
Event: 7.393 Thread 0x000000001687a800 DEOPT PACKING pc=0x0000000002a23328 sp=0x000000001713e570
Event: 7.393 Thread 0x000000001687a800 DEOPT UNPACKING pc=0x000000000265582a sp=0x000000001713e2f8 mode 2
Event: 7.393 Thread 0x000000001687a800 Uncommon trap: trap_request=0xffffffde fr.pc=0x00000000028f88e8
Event: 7.393 Thread 0x000000001687a800 DEOPT PACKING pc=0x00000000028f88e8 sp=0x000000001713e400
Event: 7.393 Thread 0x000000001687a800 DEOPT UNPACKING pc=0x000000000265582a sp=0x000000001713e398 mode 2
Event: 7.395 Thread 0x000000001687a800 Uncommon trap: trap_request=0xffffffde fr.pc=0x00000000028f88e8
Event: 7.395 Thread 0x000000001687a800 DEOPT PACKING pc=0x00000000028f88e8 sp=0x000000001713e340
Event: 7.395 Thread 0x000000001687a800 DEOPT UNPACKING pc=0x000000000265582a sp=0x000000001713e2d8 mode 2
Event: 7.397 loading class com/android/dx/dex/file/MethodAnnotationStruct
Event: 7.397 loading class com/android/dx/dex/file/MethodAnnotationStruct done


Dynamic libraries:
0x00007ff6ed6b0000 - 0x00007ff6ed6e7000 	C:\Program Files\Java\jdk1.8.0_131\bin\java.exe
0x00007ffe9adf0000 - 0x00007ffe9afc2000 	C:\WINDOWS\SYSTEM32\ntdll.dll
0x00007ffe99060000 - 0x00007ffe9910c000 	C:\WINDOWS\System32\KERNEL32.DLL
0x00007ffe98100000 - 0x00007ffe9831d000 	C:\WINDOWS\System32\KERNELBASE.dll
0x00007ffe98cf0000 - 0x00007ffe98d92000 	C:\WINDOWS\System32\ADVAPI32.dll
0x00007ffe98fc0000 - 0x00007ffe9905e000 	C:\WINDOWS\System32\msvcrt.dll
0x00007ffe9abb0000 - 0x00007ffe9ac09000 	C:\WINDOWS\System32\sechost.dll
0x00007ffe99570000 - 0x00007ffe99691000 	C:\WINDOWS\System32\RPCRT4.dll
0x00007ffe98830000 - 0x00007ffe98995000 	C:\WINDOWS\System32\USER32.dll
0x00007ffe97550000 - 0x00007ffe9756e000 	C:\WINDOWS\System32\win32u.dll
0x00007ffe9adb0000 - 0x00007ffe9ade4000 	C:\WINDOWS\System32\GDI32.dll
0x00007ffe97e20000 - 0x00007ffe97fa0000 	C:\WINDOWS\System32\gdi32full.dll
0x00007ffe8b7d0000 - 0x00007ffe8ba4a000 	C:\WINDOWS\WinSxS\amd64_microsoft.windows.common-controls_6595b64144ccf1df_6.0.14393.953_none_42151e83c686086b\COMCTL32.dll
0x00007ffe99110000 - 0x00007ffe993d8000 	C:\WINDOWS\System32\combase.dll
0x00007ffe972f0000 - 0x00007ffe973e5000 	C:\WINDOWS\System32\ucrtbase.dll
0x00007ffe98090000 - 0x00007ffe980fa000 	C:\WINDOWS\System32\bcryptPrimitives.dll
0x00007ffe99530000 - 0x00007ffe9955e000 	C:\WINDOWS\System32\IMM32.DLL
0x00000000667f0000 - 0x00000000668c2000 	C:\Program Files\Java\jdk1.8.0_131\jre\bin\msvcr100.dll
0x0000000065f50000 - 0x00000000667ec000 	C:\Program Files\Java\jdk1.8.0_131\jre\bin\server\jvm.dll
0x00007ffe99560000 - 0x00007ffe99568000 	C:\WINDOWS\System32\PSAPI.DLL
0x00007ffe85e00000 - 0x00007ffe85e09000 	C:\WINDOWS\SYSTEM32\WSOCK32.dll
0x00007ffe98c80000 - 0x00007ffe98cea000 	C:\WINDOWS\System32\WS2_32.dll
0x00007ffe95690000 - 0x00007ffe956b3000 	C:\WINDOWS\SYSTEM32\WINMM.dll
0x00007ffe89030000 - 0x00007ffe8903a000 	C:\WINDOWS\SYSTEM32\VERSION.dll
0x00007ffe95630000 - 0x00007ffe9565b000 	C:\WINDOWS\SYSTEM32\WINMMBASE.dll
0x00007ffe98040000 - 0x00007ffe98082000 	C:\WINDOWS\System32\cfgmgr32.dll
0x0000000065f40000 - 0x0000000065f4f000 	C:\Program Files\Java\jdk1.8.0_131\jre\bin\verify.dll
0x0000000065f10000 - 0x0000000065f39000 	C:\Program Files\Java\jdk1.8.0_131\jre\bin\java.dll
0x0000000065ef0000 - 0x0000000065f06000 	C:\Program Files\Java\jdk1.8.0_131\jre\bin\zip.dll
0x00007ffe996a0000 - 0x00007ffe9aba8000 	C:\WINDOWS\System32\SHELL32.dll
0x00007ffe97740000 - 0x00007ffe97e1a000 	C:\WINDOWS\System32\windows.storage.dll
0x00007ffe97260000 - 0x00007ffe972ac000 	C:\WINDOWS\System32\powrprof.dll
0x00007ffe98b40000 - 0x00007ffe98b92000 	C:\WINDOWS\System32\shlwapi.dll
0x00007ffe972e0000 - 0x00007ffe972ef000 	C:\WINDOWS\System32\kernel.appcore.dll
0x00007ffe973f0000 - 0x00007ffe97499000 	C:\WINDOWS\System32\shcore.dll
0x00007ffe972b0000 - 0x00007ffe972c4000 	C:\WINDOWS\System32\profapi.dll

VM Arguments:
jvm_args: -Djava.awt.headless=true -Xmx1024M -Dfile.encoding=windows-1252 -Duser.country=US -Duser.language=en -Duser.variant 
java_command: com.android.dx.command.Main --dex --force-jumbo --num-threads=4 --multi-dex --output C:\Users\lukedottec\Documents\Groups\AIRPACT-Fire\Android\app\build\intermediates\transforms\dex\debug\folders\1000\5\slice_4 C:\Users\lukedottec\Documents\Groups\AIRPACT-Fire\Android\app\build\intermediates\transforms\instantRunSlicer\debug\folders\1\5\slice_4
java_class_path (initial): C:\Users\lukedottec\AppData\Local\Android\sdk\build-tools\25.0.0\lib\dx.jar
Launcher Type: SUN_STANDARD

Environment Variables:
PATH=C:\ProgramData\Oracle\Java\javapath;C:\WINDOWS\system32;C:\WINDOWS;C:\WINDOWS\System32\Wbem;C:\WINDOWS\System32\WindowsPowerShell\v1.0\;C:\Program Files (x86)\Skype\Phone\;C:\Program Files\Git\cmd;C:\Program Files\Git\mingw64\bin;C:\Program Files\Git\usr\bin;C:\Program Files\PuTTY\;C:\Program Files\Microsoft SQL Server\130\Tools\Binn\;C:\Program Files\dotnet\;C:\Program Files (x86)\Windows Kits\8.1\Windows Performance Toolkit\;C:\Program Files\nodejs\;C:\Users\lukedottec\AppData\Local\Programs\Python\Python35\Scripts\;C:\Users\lukedottec\AppData\Local\Programs\Python\Python35\;C:\Users\lukedottec\Anaconda3;C:\Users\lukedottec\Anaconda3\Scripts;C:\Users\lukedottec\Anaconda3\Library\bin;C:\Users\lukedottec\AppData\Local\Programs\Python\Python36-32\Scripts\;C:\Users\lukedottec\AppData\Local\Programs\Python\Python36-32\;C:\Users\lukedottec\AppData\Local\atom\bin;C:\Users\lukedottec\AppData\Local\Microsoft\WindowsApps;C:\Users\lukedottec\AppData\Roaming\npm;C:\Program Files\Java\jdk1.8.0_131\bin;C:\Program Files\Oracle\VirtualBox
USERNAME=lukedottec
OS=Windows_NT
PROCESSOR_IDENTIFIER=Intel64 Family 6 Model 69 Stepping 1, GenuineIntel



---------------  S Y S T E M  ---------------

OS: Windows 10.0 , 64 bit Build 14393 (10.0.14393.1198)

CPU:total 4 (initial active 4) (2 cores per cpu, 2 threads per core) family 6 model 69 stepping 1, cmov, cx8, fxsr, mmx, sse, sse2, sse3, ssse3, sse4.1, sse4.2, popcnt, avx, avx2, aes, clmul, erms, lzcnt, ht, tsc, tscinvbit, bmi1, bmi2

Memory: 4k page, physical 4097112k(336836k free), swap 8417216k(4120k free)

vm_info: Java HotSpot(TM) 64-Bit Server VM (25.131-b11) for windows-amd64 JRE (1.8.0_131-b11), built on Mar 15 2017 01:23:53 by "java_re" with MS VC++ 10.0 (VS2010)

time: Sat Aug 26 22:51:14 2017
elapsed time: 7 seconds (0d 0h 0m 7s)

