#
# There is insufficient memory for the Java Runtime Environment to continue.
# Native memory allocation (malloc) failed to allocate 1048576 bytes for AllocateHeap
# Possible reasons:
#   The system is out of physical RAM or swap space
#   In 32 bit mode, the process size limit was hit
# Possible solutions:
#   Reduce memory load on the system
#   Increase physical memory or swap space
#   Check if swap backing store is full
#   Use 64 bit Java on a 64 bit OS
#   Decrease Java heap size (-Xmx/-Xms)
#   Decrease number of Java threads
#   Decrease Java thread stack sizes (-Xss)
#   Set larger code cache with -XX:ReservedCodeCacheSize=
# This output file may be truncated or incomplete.
#
#  Out of Memory Error (memory/allocation.inline.hpp:61), pid=31840, tid=0x000000000000ab40
#
# JRE version:  (8.0_131-b11) (build )
# Java VM: Java HotSpot(TM) 64-Bit Server VM (25.131-b11 mixed mode windows-amd64 compressed oops)
# Failed to write core dump. Minidumps are not enabled by default on client versions of Windows
#

---------------  T H R E A D  ---------------

Current thread (0x0000000002edd800):  JavaThread "Unknown thread" [_thread_in_vm, id=43840, stack(0x0000000001480000,0x0000000001580000)]

Stack: [0x0000000001480000,0x0000000001580000]
[error occurred during error reporting (printing stack bounds), id 0xc0000005]

Native frames: (J=compiled Java code, j=interpreted, Vv=VM code, C=native code)


---------------  P R O C E S S  ---------------

Java Threads: ( => current thread )

Other Threads:

=>0x0000000002edd800 (exited) JavaThread "Unknown thread" [_thread_in_vm, id=43840, stack(0x0000000001480000,0x0000000001580000)]

VM state:not at safepoint (normal execution)

VM Mutex/Monitor currently owned by a thread: None

Heap:
 PSYoungGen      total 18944K, used 327K [0x00000000eab00000, 0x00000000ec000000, 0x0000000100000000)
  eden space 16384K, 2% used [0x00000000eab00000,0x00000000eab51ec8,0x00000000ebb00000)
  from space 2560K, 0% used [0x00000000ebd80000,0x00000000ebd80000,0x00000000ec000000)
  to   space 2560K, 0% used [0x00000000ebb00000,0x00000000ebb00000,0x00000000ebd80000)
 ParOldGen       total 44032K, used 0K [0x00000000c0000000, 0x00000000c2b00000, 0x00000000eab00000)
  object space 44032K, 0% used [0x00000000c0000000,0x00000000c0000000,0x00000000c2b00000)
 Metaspace       used 770K, capacity 4480K, committed 4480K, reserved 1056768K
  class space    used 75K, capacity 384K, committed 384K, reserved 1048576K

Card table byte_map: [0x00000000123c0000,0x00000000125d0000] byte_map_base: 0x0000000011dc0000

Marking Bits: (ParMarkBitMap*) 0x000000006fa7c720
 Begin Bits: [0x0000000012b30000, 0x0000000013b30000)
 End Bits:   [0x0000000013b30000, 0x0000000014b30000)

Polling page: 0x0000000001270000

CodeCache: size=245760Kb used=328Kb max_used=328Kb free=245431Kb
 bounds [0x0000000003000000, 0x0000000003270000, 0x0000000012000000]
 total_blobs=58 nmethods=0 adapters=38
 compilation: enabled

Compilation events (0 events):
No events

GC Heap History (0 events):
No events

Deoptimization events (0 events):
No events

Internal exceptions (0 events):
No events

Events (10 events):
Event: 0.230 loading class java/lang/Short
Event: 0.230 loading class java/lang/Short done
Event: 0.230 loading class java/lang/Integer
Event: 0.230 loading class java/lang/Integer done
Event: 0.230 loading class java/lang/Long
Event: 0.231 loading class java/lang/Long done
Event: 0.232 loading class java/lang/NullPointerException
Event: 0.232 loading class java/lang/NullPointerException done
Event: 0.232 loading class java/lang/ArithmeticException
Event: 0.232 loading class java/lang/ArithmeticException done


Dynamic libraries:
0x00007ff6f5370000 - 0x00007ff6f53a7000 	C:\Program Files\Java\jdk1.8.0_131\bin\java.exe
0x00007ffd5cdf0000 - 0x00007ffd5cfc2000 	C:\WINDOWS\SYSTEM32\ntdll.dll
0x00007ffd5c270000 - 0x00007ffd5c31c000 	C:\WINDOWS\System32\KERNEL32.DLL
0x00007ffd59d70000 - 0x00007ffd59f8d000 	C:\WINDOWS\System32\KERNELBASE.dll
0x00007ffd5cd40000 - 0x00007ffd5cde2000 	C:\WINDOWS\System32\ADVAPI32.dll
0x00007ffd5a4b0000 - 0x00007ffd5a54e000 	C:\WINDOWS\System32\msvcrt.dll
0x00007ffd5c420000 - 0x00007ffd5c479000 	C:\WINDOWS\System32\sechost.dll
0x00007ffd5a380000 - 0x00007ffd5a4a1000 	C:\WINDOWS\System32\RPCRT4.dll
0x00007ffd5c8d0000 - 0x00007ffd5ca35000 	C:\WINDOWS\System32\USER32.dll
0x00007ffd5a260000 - 0x00007ffd5a27e000 	C:\WINDOWS\System32\win32u.dll
0x00007ffd5aac0000 - 0x00007ffd5aaf4000 	C:\WINDOWS\System32\GDI32.dll
0x00007ffd59510000 - 0x00007ffd59690000 	C:\WINDOWS\System32\gdi32full.dll
0x00007ffd4d660000 - 0x00007ffd4d8da000 	C:\WINDOWS\WinSxS\amd64_microsoft.windows.common-controls_6595b64144ccf1df_6.0.14393.953_none_42151e83c686086b\COMCTL32.dll
0x00007ffd5a5b0000 - 0x00007ffd5a878000 	C:\WINDOWS\System32\combase.dll
0x00007ffd5a280000 - 0x00007ffd5a375000 	C:\WINDOWS\System32\ucrtbase.dll
0x00007ffd59440000 - 0x00007ffd594aa000 	C:\WINDOWS\System32\bcryptPrimitives.dll
0x00007ffd5c3f0000 - 0x00007ffd5c41e000 	C:\WINDOWS\System32\IMM32.DLL
0x000000006fb00000 - 0x000000006fbd2000 	C:\Program Files\Java\jdk1.8.0_131\jre\bin\msvcr100.dll
0x000000006f260000 - 0x000000006fafc000 	C:\Program Files\Java\jdk1.8.0_131\jre\bin\server\jvm.dll
0x00007ffd5c480000 - 0x00007ffd5c488000 	C:\WINDOWS\System32\PSAPI.DLL
0x00007ffd47520000 - 0x00007ffd47529000 	C:\WINDOWS\SYSTEM32\WSOCK32.dll
0x00007ffd5ab70000 - 0x00007ffd5abda000 	C:\WINDOWS\System32\WS2_32.dll
0x00007ffd576c0000 - 0x00007ffd576e3000 	C:\WINDOWS\SYSTEM32\WINMM.dll
0x00007ffd4bfd0000 - 0x00007ffd4bfda000 	C:\WINDOWS\SYSTEM32\VERSION.dll
0x00007ffd57660000 - 0x00007ffd5768b000 	C:\WINDOWS\SYSTEM32\WINMMBASE.dll
0x00007ffd59f90000 - 0x00007ffd59fd2000 	C:\WINDOWS\System32\cfgmgr32.dll
0x000000006f250000 - 0x000000006f25f000 	C:\Program Files\Java\jdk1.8.0_131\jre\bin\verify.dll
0x000000006f220000 - 0x000000006f249000 	C:\Program Files\Java\jdk1.8.0_131\jre\bin\java.dll
0x000000006f200000 - 0x000000006f216000 	C:\Program Files\Java\jdk1.8.0_131\jre\bin\zip.dll

VM Arguments:
jvm_args: -Djava.awt.headless=true -Xmx1024M -Dfile.encoding=windows-1252 -Duser.country=US -Duser.language=en -Duser.variant 
java_command: com.android.dx.command.Main --dex --force-jumbo --num-threads=4 --multi-dex --output C:\Users\lukedottec\Documents\Groups\AIRPACT-Fire\Android\app\build\intermediates\transforms\dex\debug\folders\1000\5\slice_9 C:\Users\lukedottec\Documents\Groups\AIRPACT-Fire\Android\app\build\intermediates\transforms\instantRunSlicer\debug\folders\1\5\slice_9
java_class_path (initial): C:\Users\lukedottec\AppData\Local\Android\sdk\build-tools\25.0.0\lib\dx.jar
Launcher Type: SUN_STANDARD

Environment Variables:
PATH=C:\ProgramData\Oracle\Java\javapath;C:\WINDOWS\system32;C:\WINDOWS;C:\WINDOWS\System32\Wbem;C:\WINDOWS\System32\WindowsPowerShell\v1.0\;C:\Program Files (x86)\Skype\Phone\;C:\Program Files\Git\cmd;C:\Program Files\Git\mingw64\bin;C:\Program Files\Git\usr\bin;C:\Program Files\PuTTY\;C:\Program Files\Microsoft SQL Server\130\Tools\Binn\;C:\Program Files\dotnet\;C:\Program Files (x86)\Windows Kits\8.1\Windows Performance Toolkit\;C:\Program Files\nodejs\;C:\Users\lukedottec\AppData\Local\Programs\Python\Python35\Scripts\;C:\Users\lukedottec\AppData\Local\Programs\Python\Python35\;C:\Users\lukedottec\Anaconda3;C:\Users\lukedottec\Anaconda3\Scripts;C:\Users\lukedottec\Anaconda3\Library\bin;C:\Users\lukedottec\AppData\Local\Programs\Python\Python36-32\Scripts\;C:\Users\lukedottec\AppData\Local\Programs\Python\Python36-32\;C:\Users\lukedottec\AppData\Local\atom\bin;C:\Users\lukedottec\AppData\Local\Microsoft\WindowsApps;C:\Users\lukedottec\AppData\Roaming\npm;C:\Program Files\Java\jdk1.8.0_131\bin;C:\Program Files\Oracle\VirtualBox;C:\Python27
USERNAME=lukedottec
OS=Windows_NT
PROCESSOR_IDENTIFIER=Intel64 Family 6 Model 69 Stepping 1, GenuineIntel



---------------  S Y S T E M  ---------------

OS: Windows 10.0 , 64 bit Build 14393 (10.0.14393.1198)

CPU:total 4 (initial active 4) (2 cores per cpu, 2 threads per core) family 6 model 69 stepping 1, cmov, cx8, fxsr, mmx, sse, sse2, sse3, ssse3, sse4.1, sse4.2, popcnt, avx, avx2, aes, clmul, erms, lzcnt, ht, tsc, tscinvbit, bmi1, bmi2

Memory: 4k page, physical 4097112k(711104k free), swap 9777176k(14352k free)

vm_info: Java HotSpot(TM) 64-Bit Server VM (25.131-b11) for windows-amd64 JRE (1.8.0_131-b11), built on Mar 15 2017 01:23:53 by "java_re" with MS VC++ 10.0 (VS2010)

time: Sat Sep 09 21:53:55 2017
elapsed time: 0 seconds (0d 0h 0m 0s)

