#
# There is insufficient memory for the Java Runtime Environment to continue.
# Native memory allocation (malloc) failed to allocate 289200 bytes for Chunk::new
# Possible reasons:
#   The system is out of physical RAM or swap space
#   In 32 bit mode, the process size limit was hit
# Possible solutions:
#   Reduce memory load on the system
#   Increase physical memory or swap space
#   Check if swap backing store is full
#   Use 64 bit Java on a 64 bit OS
#   Decrease Java heap size (-Xmx/-Xms)
#   Decrease number of Java threads
#   Decrease Java thread stack sizes (-Xss)
#   Set larger code cache with -XX:ReservedCodeCacheSize=
# This output file may be truncated or incomplete.
#
#  Out of Memory Error (allocation.cpp:390), pid=52560, tid=0x000000000000be0c
#
# JRE version: Java(TM) SE Runtime Environment (8.0_131-b11) (build 1.8.0_131-b11)
# Java VM: Java HotSpot(TM) 64-Bit Server VM (25.131-b11 mixed mode windows-amd64 compressed oops)
# Failed to write core dump. Minidumps are not enabled by default on client versions of Windows
#

---------------  T H R E A D  ---------------

Current thread (0x0000000014b0f800):  JavaThread "C2 CompilerThread1" daemon [_thread_in_native, id=48652, stack(0x0000000016240000,0x0000000016340000)]

Stack: [0x0000000016240000,0x0000000016340000]
[error occurred during error reporting (printing stack bounds), id 0xc0000005]

Native frames: (J=compiled Java code, j=interpreted, Vv=VM code, C=native code)


Current CompileTask:
C2:   7542 1210   !   4       com.android.dx.cf.cst.ConstantPoolParser::parse0 (731 bytes)


---------------  P R O C E S S  ---------------

Java Threads: ( => current thread )
  0x00000000166c9800 JavaThread "pool-2-thread-4" [_thread_in_Java, id=40160, stack(0x0000000016e40000,0x0000000016f40000)]
  0x00000000165c8000 JavaThread "pool-2-thread-3" [_thread_in_Java, id=52612, stack(0x0000000016d40000,0x0000000016e40000)]
  0x00000000165c7000 JavaThread "pool-2-thread-2" [_thread_blocked, id=47844, stack(0x0000000016c40000,0x0000000016d40000)]
  0x00000000165a6000 JavaThread "pool-3-thread-1" [_thread_blocked, id=47700, stack(0x0000000016b40000,0x0000000016c40000)]
  0x0000000016589000 JavaThread "pool-2-thread-1" [_thread_blocked, id=52816, stack(0x0000000016a40000,0x0000000016b40000)]
  0x0000000016440800 JavaThread "Service Thread" daemon [_thread_blocked, id=48516, stack(0x0000000016840000,0x0000000016940000)]
  0x0000000014b2c800 JavaThread "C1 CompilerThread2" daemon [_thread_blocked, id=53232, stack(0x0000000016340000,0x0000000016440000)]
=>0x0000000014b0f800 JavaThread "C2 CompilerThread1" daemon [_thread_in_native, id=48652, stack(0x0000000016240000,0x0000000016340000)]
  0x0000000014ace000 JavaThread "C2 CompilerThread0" daemon [_thread_in_native, id=52940, stack(0x0000000016140000,0x0000000016240000)]
  0x0000000014acc800 JavaThread "Attach Listener" daemon [_thread_blocked, id=53180, stack(0x0000000016040000,0x0000000016140000)]
  0x0000000014acb000 JavaThread "Signal Dispatcher" daemon [_thread_blocked, id=48148, stack(0x0000000015f40000,0x0000000016040000)]
  0x0000000014aba800 JavaThread "Finalizer" daemon [_thread_blocked, id=52740, stack(0x0000000015d50000,0x0000000015e50000)]
  0x00000000023f0000 JavaThread "Reference Handler" daemon [_thread_blocked, id=52888, stack(0x0000000015c50000,0x0000000015d50000)]
  0x000000000217d800 JavaThread "main" [_thread_in_vm, id=52508, stack(0x0000000002200000,0x0000000002300000)]

Other Threads:
  0x0000000014a97000 VMThread [stack: 0x0000000015b50000,0x0000000015c50000] [id=48612]
  0x0000000016454000 WatcherThread [stack: 0x0000000016940000,0x0000000016a40000] [id=52684]

VM state:not at safepoint (normal execution)

VM Mutex/Monitor currently owned by a thread: None

Heap:
 PSYoungGen      total 18944K, used 8778K [0x00000000eab00000, 0x00000000ec000000, 0x0000000100000000)
  eden space 16384K, 38% used [0x00000000eab00000,0x00000000eb116198,0x00000000ebb00000)
  from space 2560K, 99% used [0x00000000ebd80000,0x00000000ebffc830,0x00000000ec000000)
  to   space 2560K, 0% used [0x00000000ebb00000,0x00000000ebb00000,0x00000000ebd80000)
 ParOldGen       total 44032K, used 2795K [0x00000000c0000000, 0x00000000c2b00000, 0x00000000eab00000)
  object space 44032K, 6% used [0x00000000c0000000,0x00000000c02bafe8,0x00000000c2b00000)
 Metaspace       used 5856K, capacity 6838K, committed 7040K, reserved 1056768K
  class space    used 600K, capacity 622K, committed 640K, reserved 1048576K

Card table byte_map: [0x00000000117c0000,0x00000000119d0000] byte_map_base: 0x00000000111c0000

Marking Bits: (ParMarkBitMap*) 0x000000006676c720
 Begin Bits: [0x0000000011f30000, 0x0000000012f30000)
 End Bits:   [0x0000000012f30000, 0x0000000013f30000)

Polling page: 0x00000000009b0000

CodeCache: size=245760Kb used=5173Kb max_used=5196Kb free=240586Kb
 bounds [0x0000000002400000, 0x0000000002920000, 0x0000000011400000]
 total_blobs=1467 nmethods=1204 adapters=175
 compilation: enabled

Compilation events (10 events):
Event: 7.337 Thread 0x0000000014ace000 nmethod 1202 0x00000000028dcb90 code [0x00000000028dcd20, 0x00000000028dd3b8]
Event: 7.407 Thread 0x0000000014b0f800 nmethod 1198 0x000000000290aa50 code [0x000000000290c160, 0x00000000029142e0]
Event: 7.453 Thread 0x0000000014ace000 1207       4       com.android.dx.ssa.ConstCollector$2::map (28 bytes)
Event: 7.455 Thread 0x0000000014b2c800 1208       1       com.android.dx.ssa.PhiInsn::canThrow (2 bytes)
Event: 7.456 Thread 0x0000000014b2c800 nmethod 1208 0x00000000028da410 code [0x00000000028da560, 0x00000000028da670]
Event: 7.458 Thread 0x0000000014ace000 nmethod 1207 0x00000000028f0010 code [0x00000000028f0160, 0x00000000028f0588]
Event: 7.459 Thread 0x0000000014b2c800 1209       3       com.android.dx.rop.type.Type::internClassName (56 bytes)
Event: 7.460 Thread 0x0000000014b0f800 1210   !   4       com.android.dx.cf.cst.ConstantPoolParser::parse0 (731 bytes)
Event: 7.461 Thread 0x0000000014b2c800 nmethod 1209 0x00000000028edfd0 code [0x00000000028ee280, 0x00000000028ef598]
Event: 7.476 Thread 0x0000000014ace000 1211       4       com.android.dx.ssa.back.FirstFitLocalCombiningAllocator$1::visitNonMoveInsn (6 bytes)

GC Heap History (4 events):
Event: 2.910 GC heap before
{Heap before GC invocations=1 (full 0):
 PSYoungGen      total 18944K, used 16384K [0x00000000eab00000, 0x00000000ec000000, 0x0000000100000000)
  eden space 16384K, 100% used [0x00000000eab00000,0x00000000ebb00000,0x00000000ebb00000)
  from space 2560K, 0% used [0x00000000ebd80000,0x00000000ebd80000,0x00000000ec000000)
  to   space 2560K, 0% used [0x00000000ebb00000,0x00000000ebb00000,0x00000000ebd80000)
 ParOldGen       total 44032K, used 0K [0x00000000c0000000, 0x00000000c2b00000, 0x00000000eab00000)
  object space 44032K, 0% used [0x00000000c0000000,0x00000000c0000000,0x00000000c2b00000)
 Metaspace       used 5753K, capacity 6772K, committed 7040K, reserved 1056768K
  class space    used 597K, capacity 620K, committed 640K, reserved 1048576K
Event: 2.920 GC heap after
Heap after GC invocations=1 (full 0):
 PSYoungGen      total 18944K, used 2542K [0x00000000eab00000, 0x00000000ec000000, 0x0000000100000000)
  eden space 16384K, 0% used [0x00000000eab00000,0x00000000eab00000,0x00000000ebb00000)
  from space 2560K, 99% used [0x00000000ebb00000,0x00000000ebd7b9f0,0x00000000ebd80000)
  to   space 2560K, 0% used [0x00000000ebd80000,0x00000000ebd80000,0x00000000ec000000)
 ParOldGen       total 44032K, used 1148K [0x00000000c0000000, 0x00000000c2b00000, 0x00000000eab00000)
  object space 44032K, 2% used [0x00000000c0000000,0x00000000c011f1c0,0x00000000c2b00000)
 Metaspace       used 5753K, capacity 6772K, committed 7040K, reserved 1056768K
  class space    used 597K, capacity 620K, committed 640K, reserved 1048576K
}
Event: 4.689 GC heap before
{Heap before GC invocations=2 (full 0):
 PSYoungGen      total 18944K, used 18926K [0x00000000eab00000, 0x00000000ec000000, 0x0000000100000000)
  eden space 16384K, 100% used [0x00000000eab00000,0x00000000ebb00000,0x00000000ebb00000)
  from space 2560K, 99% used [0x00000000ebb00000,0x00000000ebd7b9f0,0x00000000ebd80000)
  to   space 2560K, 0% used [0x00000000ebd80000,0x00000000ebd80000,0x00000000ec000000)
 ParOldGen       total 44032K, used 1148K [0x00000000c0000000, 0x00000000c2b00000, 0x00000000eab00000)
  object space 44032K, 2% used [0x00000000c0000000,0x00000000c011f1c0,0x00000000c2b00000)
 Metaspace       used 5852K, capacity 6838K, committed 7040K, reserved 1056768K
  class space    used 600K, capacity 622K, committed 640K, reserved 1048576K
Event: 5.297 GC heap after
Heap after GC invocations=2 (full 0):
 PSYoungGen      total 18944K, used 2546K [0x00000000eab00000, 0x00000000ec000000, 0x0000000100000000)
  eden space 16384K, 0% used [0x00000000eab00000,0x00000000eab00000,0x00000000ebb00000)
  from space 2560K, 99% used [0x00000000ebd80000,0x00000000ebffc830,0x00000000ec000000)
  to   space 2560K, 0% used [0x00000000ebb00000,0x00000000ebb00000,0x00000000ebd80000)
 ParOldGen       total 44032K, used 2795K [0x00000000c0000000, 0x00000000c2b00000, 0x00000000eab00000)
  object space 44032K, 6% used [0x00000000c0000000,0x00000000c02bafe8,0x00000000c2b00000)
 Metaspace       used 5852K, capacity 6838K, committed 7040K, reserved 1056768K
  class space    used 600K, capacity 622K, committed 640K, reserved 1048576K
}

Deoptimization events (10 events):
Event: 3.008 Thread 0x0000000016589000 Uncommon trap: reason=unstable_if action=reinterpret pc=0x00000000026521f4 method=java.util.BitSet.ensureCapacity(I)V @ 6
Event: 4.657 Thread 0x00000000166c9800 Uncommon trap: reason=class_check action=maybe_recompile pc=0x00000000027fe234 method=com.android.dx.ssa.NormalSsaInsn.accept(Lcom/android/dx/ssa/SsaInsn$Visitor;)V @ 9
Event: 4.658 Thread 0x00000000166c9800 Uncommon trap: reason=class_check action=maybe_recompile pc=0x00000000027fe234 method=com.android.dx.ssa.NormalSsaInsn.accept(Lcom/android/dx/ssa/SsaInsn$Visitor;)V @ 9
Event: 4.658 Thread 0x00000000166c9800 Uncommon trap: reason=class_check action=maybe_recompile pc=0x00000000027fe234 method=com.android.dx.ssa.NormalSsaInsn.accept(Lcom/android/dx/ssa/SsaInsn$Visitor;)V @ 9
Event: 4.659 Thread 0x00000000166c9800 Uncommon trap: reason=class_check action=maybe_recompile pc=0x00000000027fe234 method=com.android.dx.ssa.NormalSsaInsn.accept(Lcom/android/dx/ssa/SsaInsn$Visitor;)V @ 9
Event: 4.659 Thread 0x00000000166c9800 Uncommon trap: reason=class_check action=maybe_recompile pc=0x000000000265f5b0 method=com.android.dx.ssa.NormalSsaInsn.accept(Lcom/android/dx/ssa/SsaInsn$Visitor;)V @ 9
Event: 5.535 Thread 0x00000000166c9800 Uncommon trap: reason=class_check action=maybe_recompile pc=0x0000000002866204 method=com.android.dx.cf.code.BytecodeArray.parseInstruction(ILcom/android/dx/cf/code/BytecodeArray$Visitor;)I @ 1130
Event: 5.535 Thread 0x00000000166c9800 Uncommon trap: reason=class_check action=maybe_recompile pc=0x0000000002866204 method=com.android.dx.cf.code.BytecodeArray.parseInstruction(ILcom/android/dx/cf/code/BytecodeArray$Visitor;)I @ 1130
Event: 5.535 Thread 0x00000000166c9800 Uncommon trap: reason=class_check action=maybe_recompile pc=0x0000000002866204 method=com.android.dx.cf.code.BytecodeArray.parseInstruction(ILcom/android/dx/cf/code/BytecodeArray$Visitor;)I @ 1130
Event: 5.535 Thread 0x00000000166c9800 Uncommon trap: reason=class_check action=maybe_recompile pc=0x0000000002866204 method=com.android.dx.cf.code.BytecodeArray.parseInstruction(ILcom/android/dx/cf/code/BytecodeArray$Visitor;)I @ 1130

Internal exceptions (4 events):
Event: 0.083 Thread 0x000000000217d800 Exception <a 'java/lang/NoSuchMethodError': Method sun.misc.Unsafe.defineClass(Ljava/lang/String;[BII)Ljava/lang/Class; name or signature does not match> (0x00000000eab07ca8) thrown at [C:\re\workspace\8-2-build-windows-amd64-cygwin\jdk8u131\8869\hotspot\
Event: 0.083 Thread 0x000000000217d800 Exception <a 'java/lang/NoSuchMethodError': Method sun.misc.Unsafe.prefetchRead(Ljava/lang/Object;J)V name or signature does not match> (0x00000000eab07f90) thrown at [C:\re\workspace\8-2-build-windows-amd64-cygwin\jdk8u131\8869\hotspot\src\share\vm\prims
Event: 2.966 Thread 0x0000000016589000 Implicit null exception at 0x0000000002712d43 to 0x0000000002714a0d
Event: 3.006 Thread 0x0000000016589000 Implicit null exception at 0x000000000277ed62 to 0x000000000277ee5a

Events (10 events):
Event: 5.535 Thread 0x00000000166c9800 DEOPT PACKING pc=0x0000000002866204 sp=0x0000000016f3e750
Event: 5.535 Thread 0x00000000166c9800 DEOPT UNPACKING pc=0x000000000244582a sp=0x0000000016f3e6f0 mode 2
Event: 5.535 Thread 0x00000000166c9800 Uncommon trap: trap_request=0xffffffde fr.pc=0x0000000002866204
Event: 5.535 Thread 0x00000000166c9800 DEOPT PACKING pc=0x0000000002866204 sp=0x0000000016f3e750
Event: 5.535 Thread 0x00000000166c9800 DEOPT UNPACKING pc=0x000000000244582a sp=0x0000000016f3e6f0 mode 2
Event: 5.535 Thread 0x00000000166c9800 Uncommon trap: trap_request=0xffffffde fr.pc=0x0000000002866204
Event: 5.535 Thread 0x00000000166c9800 DEOPT PACKING pc=0x0000000002866204 sp=0x0000000016f3e750
Event: 5.535 Thread 0x00000000166c9800 DEOPT UNPACKING pc=0x000000000244582a sp=0x0000000016f3e6f0 mode 2
Event: 7.032 Thread 0x00000000166c9800 DEOPT PACKING pc=0x000000000274ccc2 sp=0x0000000016f3e7f0
Event: 7.032 Thread 0x00000000166c9800 DEOPT UNPACKING pc=0x000000000244787f sp=0x0000000016f3e5b8 mode 0


Dynamic libraries:
0x00007ff6ed6b0000 - 0x00007ff6ed6e7000 	C:\Program Files\Java\jdk1.8.0_131\bin\java.exe
0x00007ffe9adf0000 - 0x00007ffe9afc2000 	C:\WINDOWS\SYSTEM32\ntdll.dll
0x00007ffe99060000 - 0x00007ffe9910c000 	C:\WINDOWS\System32\KERNEL32.DLL
0x00007ffe98100000 - 0x00007ffe9831d000 	C:\WINDOWS\System32\KERNELBASE.dll
0x00007ffe98cf0000 - 0x00007ffe98d92000 	C:\WINDOWS\System32\ADVAPI32.dll
0x00007ffe98fc0000 - 0x00007ffe9905e000 	C:\WINDOWS\System32\msvcrt.dll
0x00007ffe9abb0000 - 0x00007ffe9ac09000 	C:\WINDOWS\System32\sechost.dll
0x00007ffe99570000 - 0x00007ffe99691000 	C:\WINDOWS\System32\RPCRT4.dll
0x00007ffe98830000 - 0x00007ffe98995000 	C:\WINDOWS\System32\USER32.dll
0x00007ffe97550000 - 0x00007ffe9756e000 	C:\WINDOWS\System32\win32u.dll
0x00007ffe9adb0000 - 0x00007ffe9ade4000 	C:\WINDOWS\System32\GDI32.dll
0x00007ffe97e20000 - 0x00007ffe97fa0000 	C:\WINDOWS\System32\gdi32full.dll
0x00007ffe8b7d0000 - 0x00007ffe8ba4a000 	C:\WINDOWS\WinSxS\amd64_microsoft.windows.common-controls_6595b64144ccf1df_6.0.14393.953_none_42151e83c686086b\COMCTL32.dll
0x00007ffe99110000 - 0x00007ffe993d8000 	C:\WINDOWS\System32\combase.dll
0x00007ffe972f0000 - 0x00007ffe973e5000 	C:\WINDOWS\System32\ucrtbase.dll
0x00007ffe98090000 - 0x00007ffe980fa000 	C:\WINDOWS\System32\bcryptPrimitives.dll
0x00007ffe99530000 - 0x00007ffe9955e000 	C:\WINDOWS\System32\IMM32.DLL
0x00000000667f0000 - 0x00000000668c2000 	C:\Program Files\Java\jdk1.8.0_131\jre\bin\msvcr100.dll
0x0000000065f50000 - 0x00000000667ec000 	C:\Program Files\Java\jdk1.8.0_131\jre\bin\server\jvm.dll
0x00007ffe99560000 - 0x00007ffe99568000 	C:\WINDOWS\System32\PSAPI.DLL
0x00007ffe85e00000 - 0x00007ffe85e09000 	C:\WINDOWS\SYSTEM32\WSOCK32.dll
0x00007ffe98c80000 - 0x00007ffe98cea000 	C:\WINDOWS\System32\WS2_32.dll
0x00007ffe95690000 - 0x00007ffe956b3000 	C:\WINDOWS\SYSTEM32\WINMM.dll
0x00007ffe89030000 - 0x00007ffe8903a000 	C:\WINDOWS\SYSTEM32\VERSION.dll
0x00007ffe95630000 - 0x00007ffe9565b000 	C:\WINDOWS\SYSTEM32\WINMMBASE.dll
0x00007ffe98040000 - 0x00007ffe98082000 	C:\WINDOWS\System32\cfgmgr32.dll
0x0000000065f40000 - 0x0000000065f4f000 	C:\Program Files\Java\jdk1.8.0_131\jre\bin\verify.dll
0x0000000065f10000 - 0x0000000065f39000 	C:\Program Files\Java\jdk1.8.0_131\jre\bin\java.dll
0x0000000065ef0000 - 0x0000000065f06000 	C:\Program Files\Java\jdk1.8.0_131\jre\bin\zip.dll
0x00007ffe996a0000 - 0x00007ffe9aba8000 	C:\WINDOWS\System32\SHELL32.dll
0x00007ffe97740000 - 0x00007ffe97e1a000 	C:\WINDOWS\System32\windows.storage.dll
0x00007ffe97260000 - 0x00007ffe972ac000 	C:\WINDOWS\System32\powrprof.dll
0x00007ffe98b40000 - 0x00007ffe98b92000 	C:\WINDOWS\System32\shlwapi.dll
0x00007ffe972e0000 - 0x00007ffe972ef000 	C:\WINDOWS\System32\kernel.appcore.dll
0x00007ffe973f0000 - 0x00007ffe97499000 	C:\WINDOWS\System32\shcore.dll
0x00007ffe972b0000 - 0x00007ffe972c4000 	C:\WINDOWS\System32\profapi.dll

VM Arguments:
jvm_args: -Djava.awt.headless=true -Xmx1024M -Dfile.encoding=windows-1252 -Duser.country=US -Duser.language=en -Duser.variant 
java_command: com.android.dx.command.Main --dex --force-jumbo --num-threads=4 --multi-dex --output C:\Users\lukedottec\Documents\Groups\AIRPACT-Fire\Android\app\build\intermediates\transforms\dex\debug\folders\1000\5\slice_1 C:\Users\lukedottec\Documents\Groups\AIRPACT-Fire\Android\app\build\intermediates\transforms\instantRunSlicer\debug\folders\1\5\slice_1
java_class_path (initial): C:\Users\lukedottec\AppData\Local\Android\sdk\build-tools\25.0.0\lib\dx.jar
Launcher Type: SUN_STANDARD

Environment Variables:
PATH=C:\ProgramData\Oracle\Java\javapath;C:\WINDOWS\system32;C:\WINDOWS;C:\WINDOWS\System32\Wbem;C:\WINDOWS\System32\WindowsPowerShell\v1.0\;C:\Program Files (x86)\Skype\Phone\;C:\Program Files\Git\cmd;C:\Program Files\Git\mingw64\bin;C:\Program Files\Git\usr\bin;C:\Program Files\PuTTY\;C:\Program Files\Microsoft SQL Server\130\Tools\Binn\;C:\Program Files\dotnet\;C:\Program Files (x86)\Windows Kits\8.1\Windows Performance Toolkit\;C:\Program Files\nodejs\;C:\Users\lukedottec\AppData\Local\Programs\Python\Python35\Scripts\;C:\Users\lukedottec\AppData\Local\Programs\Python\Python35\;C:\Users\lukedottec\Anaconda3;C:\Users\lukedottec\Anaconda3\Scripts;C:\Users\lukedottec\Anaconda3\Library\bin;C:\Users\lukedottec\AppData\Local\Programs\Python\Python36-32\Scripts\;C:\Users\lukedottec\AppData\Local\Programs\Python\Python36-32\;C:\Users\lukedottec\AppData\Local\atom\bin;C:\Users\lukedottec\AppData\Local\Microsoft\WindowsApps;C:\Users\lukedottec\AppData\Roaming\npm;C:\Program Files\Java\jdk1.8.0_131\bin;C:\Program Files\Oracle\VirtualBox
USERNAME=lukedottec
OS=Windows_NT
PROCESSOR_IDENTIFIER=Intel64 Family 6 Model 69 Stepping 1, GenuineIntel



---------------  S Y S T E M  ---------------

OS: Windows 10.0 , 64 bit Build 14393 (10.0.14393.1198)

CPU:total 4 (initial active 4) (2 cores per cpu, 2 threads per core) family 6 model 69 stepping 1, cmov, cx8, fxsr, mmx, sse, sse2, sse3, ssse3, sse4.1, sse4.2, popcnt, avx, avx2, aes, clmul, erms, lzcnt, ht, tsc, tscinvbit, bmi1, bmi2

Memory: 4k page, physical 4097112k(339364k free), swap 8417216k(3788k free)

vm_info: Java HotSpot(TM) 64-Bit Server VM (25.131-b11) for windows-amd64 JRE (1.8.0_131-b11), built on Mar 15 2017 01:23:53 by "java_re" with MS VC++ 10.0 (VS2010)

time: Sat Aug 26 22:51:14 2017
elapsed time: 7 seconds (0d 0h 0m 7s)

