#
# There is insufficient memory for the Java Runtime Environment to continue.
# Native memory allocation (malloc) failed to allocate 364656 bytes for Chunk::new
# Possible reasons:
#   The system is out of physical RAM or swap space
#   In 32 bit mode, the process size limit was hit
# Possible solutions:
#   Reduce memory load on the system
#   Increase physical memory or swap space
#   Check if swap backing store is full
#   Use 64 bit Java on a 64 bit OS
#   Decrease Java heap size (-Xmx/-Xms)
#   Decrease number of Java threads
#   Decrease Java thread stack sizes (-Xss)
#   Set larger code cache with -XX:ReservedCodeCacheSize=
# This output file may be truncated or incomplete.
#
#  Out of Memory Error (allocation.cpp:390), pid=41052, tid=0x000000000000c600
#
# JRE version: Java(TM) SE Runtime Environment (8.0_131-b11) (build 1.8.0_131-b11)
# Java VM: Java HotSpot(TM) 64-Bit Server VM (25.131-b11 mixed mode windows-amd64 compressed oops)
# Failed to write core dump. Minidumps are not enabled by default on client versions of Windows
#

---------------  T H R E A D  ---------------

Current thread (0x000000001511d000):  JavaThread "C2 CompilerThread0" daemon [_thread_in_native, id=50688, stack(0x0000000016760000,0x0000000016860000)]

Stack: [0x0000000016760000,0x0000000016860000]
[error occurred during error reporting (printing stack bounds), id 0xc0000005]

Native frames: (J=compiled Java code, j=interpreted, Vv=VM code, C=native code)


Current CompileTask:
C2:   3622 1077       4       com.android.dx.ssa.NormalSsaInsn::accept (25 bytes)


---------------  P R O C E S S  ---------------

Java Threads: ( => current thread )
  0x0000000017674000 JavaThread "pool-2-thread-4" [_thread_blocked, id=53132, stack(0x0000000017c60000,0x0000000017d60000)]
  0x0000000016d39800 JavaThread "pool-2-thread-3" [_thread_blocked, id=52960, stack(0x0000000017360000,0x0000000017460000)]
  0x0000000016bef000 JavaThread "pool-2-thread-2" [_thread_blocked, id=48496, stack(0x0000000017260000,0x0000000017360000)]
  0x0000000016baa800 JavaThread "pool-3-thread-1" [_thread_in_vm, id=44552, stack(0x0000000017160000,0x0000000017260000)]
  0x0000000016ba9800 JavaThread "pool-2-thread-1" [_thread_blocked, id=52448, stack(0x0000000017060000,0x0000000017160000)]
  0x0000000016a66000 JavaThread "Service Thread" daemon [_thread_blocked, id=52476, stack(0x0000000016e60000,0x0000000016f60000)]
  0x000000001517b800 JavaThread "C1 CompilerThread2" daemon [_thread_blocked, id=52140, stack(0x0000000016960000,0x0000000016a60000)]
  0x0000000015120800 JavaThread "C2 CompilerThread1" daemon [_thread_in_native, id=40752, stack(0x0000000016860000,0x0000000016960000)]
=>0x000000001511d000 JavaThread "C2 CompilerThread0" daemon [_thread_in_native, id=50688, stack(0x0000000016760000,0x0000000016860000)]
  0x000000001511b800 JavaThread "Attach Listener" daemon [_thread_blocked, id=53188, stack(0x0000000016660000,0x0000000016760000)]
  0x000000001511a000 JavaThread "Signal Dispatcher" daemon [_thread_blocked, id=47792, stack(0x0000000016560000,0x0000000016660000)]
  0x000000001510a000 JavaThread "Finalizer" daemon [_thread_blocked, id=52576, stack(0x0000000016370000,0x0000000016470000)]
  0x0000000002a20000 JavaThread "Reference Handler" daemon [_thread_blocked, id=49552, stack(0x0000000016270000,0x0000000016370000)]
  0x000000000270d800 JavaThread "main" [_thread_in_native, id=52980, stack(0x0000000002730000,0x0000000002830000)]

Other Threads:
  0x00000000150e7000 VMThread [stack: 0x0000000016170000,0x0000000016270000] [id=52368]
  0x0000000016a6a000 WatcherThread [stack: 0x0000000016f60000,0x0000000017060000] [id=52480]

VM state:not at safepoint (normal execution)

VM Mutex/Monitor currently owned by a thread: None

Heap:
 PSYoungGen      total 18944K, used 9384K [0x00000000eab00000, 0x00000000ec000000, 0x0000000100000000)
  eden space 16384K, 41% used [0x00000000eab00000,0x00000000eb1b11b8,0x00000000ebb00000)
  from space 2560K, 98% used [0x00000000ebb00000,0x00000000ebd790b8,0x00000000ebd80000)
  to   space 2560K, 0% used [0x00000000ebd80000,0x00000000ebd80000,0x00000000ec000000)
 ParOldGen       total 44032K, used 1546K [0x00000000c0000000, 0x00000000c2b00000, 0x00000000eab00000)
  object space 44032K, 3% used [0x00000000c0000000,0x00000000c0182878,0x00000000c2b00000)
 Metaspace       used 5834K, capacity 6834K, committed 7040K, reserved 1056768K
  class space    used 596K, capacity 618K, committed 640K, reserved 1048576K

Card table byte_map: [0x0000000011df0000,0x0000000012000000] byte_map_base: 0x00000000117f0000

Marking Bits: (ParMarkBitMap*) 0x000000006676c720
 Begin Bits: [0x0000000012560000, 0x0000000013560000)
 End Bits:   [0x0000000013560000, 0x0000000014560000)

Polling page: 0x0000000000d60000

CodeCache: size=245760Kb used=4437Kb max_used=4437Kb free=241322Kb
 bounds [0x0000000002a30000, 0x0000000002e90000, 0x0000000011a30000]
 total_blobs=1350 nmethods=1088 adapters=175
 compilation: enabled

Compilation events (10 events):
Event: 3.590 Thread 0x000000001517b800 1090       3       com.android.dx.rop.code.BasicBlockList::forEachInsn (39 bytes)
Event: 3.591 Thread 0x000000001517b800 nmethod 1090 0x0000000002e85650 code [0x0000000002e85840, 0x0000000002e86428]
Event: 3.593 Thread 0x000000001517b800 1091       3       com.android.dx.ssa.ConstCollector$2::<init> (20 bytes)
Event: 3.593 Thread 0x000000001517b800 nmethod 1091 0x0000000002e79050 code [0x0000000002e791c0, 0x0000000002e79410]
Event: 3.595 Thread 0x000000001517b800 1093       1       com.android.dx.dex.code.RopTranslator::access$200 (5 bytes)
Event: 3.596 Thread 0x000000001517b800 nmethod 1093 0x0000000002e86910 code [0x0000000002e86a60, 0x0000000002e86b50]
Event: 3.596 Thread 0x000000001517b800 1094       3       com.android.dx.rop.type.Prototype::compareTo (120 bytes)
Event: 3.597 Thread 0x000000001517b800 nmethod 1094 0x0000000002e86bd0 code [0x0000000002e86de0, 0x0000000002e87c78]
Event: 3.598 Thread 0x000000001517b800 1095       3       com.android.dx.rop.type.Type::compareTo (9 bytes)
Event: 3.598 Thread 0x000000001517b800 nmethod 1095 0x0000000002e88390 code [0x0000000002e88500, 0x0000000002e888e8]

GC Heap History (2 events):
Event: 2.744 GC heap before
{Heap before GC invocations=1 (full 0):
 PSYoungGen      total 18944K, used 16384K [0x00000000eab00000, 0x00000000ec000000, 0x0000000100000000)
  eden space 16384K, 100% used [0x00000000eab00000,0x00000000ebb00000,0x00000000ebb00000)
  from space 2560K, 0% used [0x00000000ebd80000,0x00000000ebd80000,0x00000000ec000000)
  to   space 2560K, 0% used [0x00000000ebb00000,0x00000000ebb00000,0x00000000ebd80000)
 ParOldGen       total 44032K, used 0K [0x00000000c0000000, 0x00000000c2b00000, 0x00000000eab00000)
  object space 44032K, 0% used [0x00000000c0000000,0x00000000c0000000,0x00000000c2b00000)
 Metaspace       used 5731K, capacity 6770K, committed 7040K, reserved 1056768K
  class space    used 593K, capacity 618K, committed 640K, reserved 1048576K
Event: 2.754 GC heap after
Heap after GC invocations=1 (full 0):
 PSYoungGen      total 18944K, used 2532K [0x00000000eab00000, 0x00000000ec000000, 0x0000000100000000)
  eden space 16384K, 0% used [0x00000000eab00000,0x00000000eab00000,0x00000000ebb00000)
  from space 2560K, 98% used [0x00000000ebb00000,0x00000000ebd790b8,0x00000000ebd80000)
  to   space 2560K, 0% used [0x00000000ebd80000,0x00000000ebd80000,0x00000000ec000000)
 ParOldGen       total 44032K, used 1546K [0x00000000c0000000, 0x00000000c2b00000, 0x00000000eab00000)
  object space 44032K, 3% used [0x00000000c0000000,0x00000000c0182878,0x00000000c2b00000)
 Metaspace       used 5731K, capacity 6770K, committed 7040K, reserved 1056768K
  class space    used 593K, capacity 618K, committed 640K, reserved 1048576K
}

Deoptimization events (10 events):
Event: 2.929 Thread 0x0000000016bef000 Uncommon trap: reason=unstable_if action=reinterpret pc=0x0000000002d06678 method=com.android.dx.rop.code.RegisterSpec.equals(ILcom/android/dx/rop/type/TypeBearer;Lcom/android/dx/rop/code/LocalItem;)Z @ 24
Event: 2.932 Thread 0x0000000016bef000 Uncommon trap: reason=unstable_if action=reinterpret pc=0x0000000002cedda4 method=com.android.dx.rop.code.RegisterSpec.equals(ILcom/android/dx/rop/type/TypeBearer;Lcom/android/dx/rop/code/LocalItem;)Z @ 24
Event: 2.935 Thread 0x0000000016bef000 Uncommon trap: reason=unstable_if action=reinterpret pc=0x0000000002ca720c method=com.android.dx.rop.code.RegisterSpec.equals(ILcom/android/dx/rop/type/TypeBearer;Lcom/android/dx/rop/code/LocalItem;)Z @ 24
Event: 3.022 Thread 0x0000000016ba9800 Uncommon trap: reason=unstable_if action=reinterpret pc=0x0000000002cb5868 method=com.android.dx.rop.code.RegisterSpec.equals(ILcom/android/dx/rop/type/TypeBearer;Lcom/android/dx/rop/code/LocalItem;)Z @ 24
Event: 3.031 Thread 0x0000000016ba9800 Uncommon trap: reason=unloaded action=reinterpret pc=0x0000000002cad2f4 method=com.android.dx.ssa.SsaRenamer$BlockRenamer.visitMoveInsn(Lcom/android/dx/ssa/NormalSsaInsn;)V @ 208
Event: 3.034 Thread 0x0000000016ba9800 Uncommon trap: reason=unstable_if action=reinterpret pc=0x0000000002d34f54 method=com.android.dx.ssa.NormalSsaInsn.getLocalAssignment()Lcom/android/dx/rop/code/RegisterSpec; @ 12
Event: 3.034 Thread 0x0000000016ba9800 Uncommon trap: reason=unstable_if action=reinterpret pc=0x0000000002ddeee8 method=com.android.dx.ssa.NormalSsaInsn.getLocalAssignment()Lcom/android/dx/rop/code/RegisterSpec; @ 12
Event: 3.034 Thread 0x0000000016ba9800 Uncommon trap: reason=unstable_if action=reinterpret pc=0x0000000002d10030 method=com.android.dx.ssa.NormalSsaInsn.getLocalAssignment()Lcom/android/dx/rop/code/RegisterSpec; @ 12
Event: 3.574 Thread 0x0000000016d39800 Uncommon trap: reason=class_check action=maybe_recompile pc=0x0000000002cead68 method=com.android.dx.rop.type.Type.equals(Ljava/lang/Object;)Z @ 8
Event: 3.574 Thread 0x0000000016d39800 Uncommon trap: reason=class_check action=maybe_recompile pc=0x0000000002cead68 method=com.android.dx.rop.type.Type.equals(Ljava/lang/Object;)Z @ 8

Internal exceptions (2 events):
Event: 0.821 Thread 0x000000000270d800 Exception <a 'java/lang/NoSuchMethodError': Method sun.misc.Unsafe.defineClass(Ljava/lang/String;[BII)Ljava/lang/Class; name or signature does not match> (0x00000000eab07ca8) thrown at [C:\re\workspace\8-2-build-windows-amd64-cygwin\jdk8u131\8869\hotspot\
Event: 0.821 Thread 0x000000000270d800 Exception <a 'java/lang/NoSuchMethodError': Method sun.misc.Unsafe.prefetchRead(Ljava/lang/Object;J)V name or signature does not match> (0x00000000eab07f90) thrown at [C:\re\workspace\8-2-build-windows-amd64-cygwin\jdk8u131\8869\hotspot\src\share\vm\prims

Events (10 events):
Event: 3.492 loading class com/android/dx/cf/attrib/AttSignature
Event: 3.492 loading class com/android/dx/cf/attrib/AttSignature done
Event: 3.495 loading class com/android/dx/dex/file/FieldAnnotationStruct
Event: 3.495 loading class com/android/dx/dex/file/FieldAnnotationStruct done
Event: 3.574 Thread 0x0000000016d39800 Uncommon trap: trap_request=0xffffffde fr.pc=0x0000000002cead68
Event: 3.574 Thread 0x0000000016d39800 DEOPT PACKING pc=0x0000000002cead68 sp=0x000000001745dd00
Event: 3.574 Thread 0x0000000016d39800 DEOPT UNPACKING pc=0x0000000002a7582a sp=0x000000001745dc98 mode 2
Event: 3.574 Thread 0x0000000016d39800 Uncommon trap: trap_request=0xffffffde fr.pc=0x0000000002cead68
Event: 3.574 Thread 0x0000000016d39800 DEOPT PACKING pc=0x0000000002cead68 sp=0x000000001745da60
Event: 3.574 Thread 0x0000000016d39800 DEOPT UNPACKING pc=0x0000000002a7582a sp=0x000000001745d9f8 mode 2


Dynamic libraries:
0x00007ff6ed6b0000 - 0x00007ff6ed6e7000 	C:\Program Files\Java\jdk1.8.0_131\bin\java.exe
0x00007ffe9adf0000 - 0x00007ffe9afc2000 	C:\WINDOWS\SYSTEM32\ntdll.dll
0x00007ffe99060000 - 0x00007ffe9910c000 	C:\WINDOWS\System32\KERNEL32.DLL
0x00007ffe98100000 - 0x00007ffe9831d000 	C:\WINDOWS\System32\KERNELBASE.dll
0x00007ffe98cf0000 - 0x00007ffe98d92000 	C:\WINDOWS\System32\ADVAPI32.dll
0x00007ffe98fc0000 - 0x00007ffe9905e000 	C:\WINDOWS\System32\msvcrt.dll
0x00007ffe9abb0000 - 0x00007ffe9ac09000 	C:\WINDOWS\System32\sechost.dll
0x00007ffe99570000 - 0x00007ffe99691000 	C:\WINDOWS\System32\RPCRT4.dll
0x00007ffe98830000 - 0x00007ffe98995000 	C:\WINDOWS\System32\USER32.dll
0x00007ffe97550000 - 0x00007ffe9756e000 	C:\WINDOWS\System32\win32u.dll
0x00007ffe9adb0000 - 0x00007ffe9ade4000 	C:\WINDOWS\System32\GDI32.dll
0x00007ffe97e20000 - 0x00007ffe97fa0000 	C:\WINDOWS\System32\gdi32full.dll
0x00007ffe8b7d0000 - 0x00007ffe8ba4a000 	C:\WINDOWS\WinSxS\amd64_microsoft.windows.common-controls_6595b64144ccf1df_6.0.14393.953_none_42151e83c686086b\COMCTL32.dll
0x00007ffe99110000 - 0x00007ffe993d8000 	C:\WINDOWS\System32\combase.dll
0x00007ffe972f0000 - 0x00007ffe973e5000 	C:\WINDOWS\System32\ucrtbase.dll
0x00007ffe98090000 - 0x00007ffe980fa000 	C:\WINDOWS\System32\bcryptPrimitives.dll
0x00007ffe99530000 - 0x00007ffe9955e000 	C:\WINDOWS\System32\IMM32.DLL
0x00000000667f0000 - 0x00000000668c2000 	C:\Program Files\Java\jdk1.8.0_131\jre\bin\msvcr100.dll
0x0000000065f50000 - 0x00000000667ec000 	C:\Program Files\Java\jdk1.8.0_131\jre\bin\server\jvm.dll
0x00007ffe99560000 - 0x00007ffe99568000 	C:\WINDOWS\System32\PSAPI.DLL
0x00007ffe85e00000 - 0x00007ffe85e09000 	C:\WINDOWS\SYSTEM32\WSOCK32.dll
0x00007ffe98c80000 - 0x00007ffe98cea000 	C:\WINDOWS\System32\WS2_32.dll
0x00007ffe95690000 - 0x00007ffe956b3000 	C:\WINDOWS\SYSTEM32\WINMM.dll
0x00007ffe89030000 - 0x00007ffe8903a000 	C:\WINDOWS\SYSTEM32\VERSION.dll
0x00007ffe95630000 - 0x00007ffe9565b000 	C:\WINDOWS\SYSTEM32\WINMMBASE.dll
0x00007ffe98040000 - 0x00007ffe98082000 	C:\WINDOWS\System32\cfgmgr32.dll
0x0000000065f40000 - 0x0000000065f4f000 	C:\Program Files\Java\jdk1.8.0_131\jre\bin\verify.dll
0x0000000065f10000 - 0x0000000065f39000 	C:\Program Files\Java\jdk1.8.0_131\jre\bin\java.dll
0x0000000065ef0000 - 0x0000000065f06000 	C:\Program Files\Java\jdk1.8.0_131\jre\bin\zip.dll
0x00007ffe996a0000 - 0x00007ffe9aba8000 	C:\WINDOWS\System32\SHELL32.dll
0x00007ffe97740000 - 0x00007ffe97e1a000 	C:\WINDOWS\System32\windows.storage.dll
0x00007ffe97260000 - 0x00007ffe972ac000 	C:\WINDOWS\System32\powrprof.dll
0x00007ffe98b40000 - 0x00007ffe98b92000 	C:\WINDOWS\System32\shlwapi.dll
0x00007ffe972e0000 - 0x00007ffe972ef000 	C:\WINDOWS\System32\kernel.appcore.dll
0x00007ffe973f0000 - 0x00007ffe97499000 	C:\WINDOWS\System32\shcore.dll
0x00007ffe972b0000 - 0x00007ffe972c4000 	C:\WINDOWS\System32\profapi.dll

VM Arguments:
jvm_args: -Djava.awt.headless=true -Xmx1024M -Dfile.encoding=windows-1252 -Duser.country=US -Duser.language=en -Duser.variant 
java_command: com.android.dx.command.Main --dex --force-jumbo --num-threads=4 --multi-dex --output C:\Users\lukedottec\Documents\Groups\AIRPACT-Fire\Android\app\build\intermediates\transforms\dex\debug\folders\1000\5\slice_2 C:\Users\lukedottec\Documents\Groups\AIRPACT-Fire\Android\app\build\intermediates\transforms\instantRunSlicer\debug\folders\1\5\slice_2
java_class_path (initial): C:\Users\lukedottec\AppData\Local\Android\sdk\build-tools\25.0.0\lib\dx.jar
Launcher Type: SUN_STANDARD

Environment Variables:
PATH=C:\ProgramData\Oracle\Java\javapath;C:\WINDOWS\system32;C:\WINDOWS;C:\WINDOWS\System32\Wbem;C:\WINDOWS\System32\WindowsPowerShell\v1.0\;C:\Program Files (x86)\Skype\Phone\;C:\Program Files\Git\cmd;C:\Program Files\Git\mingw64\bin;C:\Program Files\Git\usr\bin;C:\Program Files\PuTTY\;C:\Program Files\Microsoft SQL Server\130\Tools\Binn\;C:\Program Files\dotnet\;C:\Program Files (x86)\Windows Kits\8.1\Windows Performance Toolkit\;C:\Program Files\nodejs\;C:\Users\lukedottec\AppData\Local\Programs\Python\Python35\Scripts\;C:\Users\lukedottec\AppData\Local\Programs\Python\Python35\;C:\Users\lukedottec\Anaconda3;C:\Users\lukedottec\Anaconda3\Scripts;C:\Users\lukedottec\Anaconda3\Library\bin;C:\Users\lukedottec\AppData\Local\Programs\Python\Python36-32\Scripts\;C:\Users\lukedottec\AppData\Local\Programs\Python\Python36-32\;C:\Users\lukedottec\AppData\Local\atom\bin;C:\Users\lukedottec\AppData\Local\Microsoft\WindowsApps;C:\Users\lukedottec\AppData\Roaming\npm;C:\Program Files\Java\jdk1.8.0_131\bin;C:\Program Files\Oracle\VirtualBox
USERNAME=lukedottec
OS=Windows_NT
PROCESSOR_IDENTIFIER=Intel64 Family 6 Model 69 Stepping 1, GenuineIntel



---------------  S Y S T E M  ---------------

OS: Windows 10.0 , 64 bit Build 14393 (10.0.14393.1198)

CPU:total 4 (initial active 4) (2 cores per cpu, 2 threads per core) family 6 model 69 stepping 1, cmov, cx8, fxsr, mmx, sse, sse2, sse3, ssse3, sse4.1, sse4.2, popcnt, avx, avx2, aes, clmul, erms, lzcnt, ht, tsc, tscinvbit, bmi1, bmi2

Memory: 4k page, physical 4097112k(480772k free), swap 8417216k(3344k free)

vm_info: Java HotSpot(TM) 64-Bit Server VM (25.131-b11) for windows-amd64 JRE (1.8.0_131-b11), built on Mar 15 2017 01:23:53 by "java_re" with MS VC++ 10.0 (VS2010)

time: Sat Aug 26 22:51:51 2017
elapsed time: 3 seconds (0d 0h 0m 3s)

